{"/home/s2209682-node/htdocs/s2209682n.ncgrp.xyz/Cloud/hospital-room-management/app.js": {"path":"/home/s2209682-node/htdocs/s2209682n.ncgrp.xyz/Cloud/hospital-room-management/app.js","statementMap":{"0":{"start":{"line":1,"column":0},"end":{"line":1,"column":23}},"1":{"start":{"line":2,"column":11},"end":{"line":2,"column":33}},"2":{"start":{"line":4,"column":4},"end":{"line":4,"column":34}},"3":{"start":{"line":6,"column":16},"end":{"line":6,"column":34}},"4":{"start":{"line":7,"column":13},"end":{"line":7,"column":28}},"5":{"start":{"line":8,"column":16},"end":{"line":8,"column":42}},"6":{"start":{"line":9,"column":23},"end":{"line":9,"column":53}},"7":{"start":{"line":12,"column":4},"end":{"line":12,"column":42}},"8":{"start":{"line":17,"column":12},"end":{"line":17,"column":21}},"9":{"start":{"line":25,"column":4},"end":{"line":25,"column":42}},"10":{"start":{"line":34,"column":4},"end":{"line":34,"column":48}},"11":{"start":{"line":41,"column":4},"end":{"line":41,"column":34}},"12":{"start":{"line":44,"column":4},"end":{"line":44,"column":37}},"13":{"start":{"line":47,"column":4},"end":{"line":47,"column":34}},"14":{"start":{"line":50,"column":4},"end":{"line":50,"column":40}},"15":{"start":{"line":53,"column":4},"end":{"line":53,"column":34}},"16":{"start":{"line":56,"column":4},"end":{"line":56,"column":37}},"17":{"start":{"line":59,"column":4},"end":{"line":59,"column":36}},"18":{"start":{"line":63,"column":4},"end":{"line":63,"column":36}},"19":{"start":{"line":70,"column":0},"end":{"line":70,"column":30}},"20":{"start":{"line":72,"column":0},"end":{"line":75,"column":2}},"21":{"start":{"line":77,"column":0},"end":{"line":77,"column":24}},"22":{"start":{"line":78,"column":0},"end":{"line":78,"column":29}},"23":{"start":{"line":83,"column":0},"end":{"line":87,"column":2}},"24":{"start":{"line":89,"column":0},"end":{"line":89,"column":24}},"25":{"start":{"line":95,"column":0},"end":{"line":102,"column":4}},"26":{"start":{"line":108,"column":0},"end":{"line":153,"column":3}},"27":{"start":{"line":110,"column":4},"end":{"line":111,"column":33}},"28":{"start":{"line":113,"column":4},"end":{"line":118,"column":5}},"29":{"start":{"line":115,"column":8},"end":{"line":115,"column":38}},"30":{"start":{"line":117,"column":8},"end":{"line":117,"column":22}},"31":{"start":{"line":121,"column":8},"end":{"line":121,"column":29}},"32":{"start":{"line":123,"column":16},"end":{"line":131,"column":5}},"33":{"start":{"line":133,"column":4},"end":{"line":152,"column":6}},"34":{"start":{"line":138,"column":12},"end":{"line":145,"column":13}},"35":{"start":{"line":140,"column":16},"end":{"line":140,"column":33}},"36":{"start":{"line":142,"column":16},"end":{"line":142,"column":46}},"37":{"start":{"line":144,"column":16},"end":{"line":144,"column":30}},"38":{"start":{"line":147,"column":12},"end":{"line":148,"column":24}},"39":{"start":{"line":150,"column":12},"end":{"line":150,"column":19}},"40":{"start":{"line":168,"column":0},"end":{"line":172,"column":2}},"41":{"start":{"line":178,"column":0},"end":{"line":183,"column":2}},"42":{"start":{"line":189,"column":0},"end":{"line":189,"column":33}},"43":{"start":{"line":191,"column":0},"end":{"line":191,"column":36}},"44":{"start":{"line":193,"column":0},"end":{"line":193,"column":30}},"45":{"start":{"line":195,"column":0},"end":{"line":195,"column":42}},"46":{"start":{"line":197,"column":0},"end":{"line":197,"column":30}},"47":{"start":{"line":199,"column":0},"end":{"line":199,"column":35}},"48":{"start":{"line":201,"column":0},"end":{"line":201,"column":34}},"49":{"start":{"line":204,"column":0},"end":{"line":207,"column":2}},"50":{"start":{"line":209,"column":0},"end":{"line":209,"column":25}},"51":{"start":{"line":215,"column":0},"end":{"line":219,"column":2}},"52":{"start":{"line":225,"column":0},"end":{"line":264,"column":3}},"53":{"start":{"line":227,"column":4},"end":{"line":227,"column":29}},"54":{"start":{"line":231,"column":4},"end":{"line":248,"column":5}},"55":{"start":{"line":236,"column":8},"end":{"line":247,"column":10}},"56":{"start":{"line":252,"column":4},"end":{"line":263,"column":6}},"57":{"start":{"line":276,"column":0},"end":{"line":283,"column":3}},"58":{"start":{"line":278,"column":4},"end":{"line":281,"column":6}},"59":{"start":{"line":285,"column":0},"end":{"line":292,"column":3}},"60":{"start":{"line":287,"column":4},"end":{"line":290,"column":6}},"61":{"start":{"line":298,"column":0},"end":{"line":298,"column":21}}},"fnMap":{"0":{"name":"(anonymous_0)","decl":{"start":{"line":108,"column":8},"end":{"line":108,"column":9}},"loc":{"start":{"line":108,"column":28},"end":{"line":153,"column":1}},"line":108},"1":{"name":"(anonymous_1)","decl":{"start":{"line":136,"column":8},"end":{"line":136,"column":9}},"loc":{"start":{"line":136,"column":26},"end":{"line":151,"column":9}},"line":136},"2":{"name":"(anonymous_2)","decl":{"start":{"line":225,"column":8},"end":{"line":225,"column":9}},"loc":{"start":{"line":225,"column":33},"end":{"line":264,"column":1}},"line":225},"3":{"name":"(anonymous_3)","decl":{"start":{"line":276,"column":32},"end":{"line":276,"column":33}},"loc":{"start":{"line":276,"column":41},"end":{"line":283,"column":1}},"line":276},"4":{"name":"(anonymous_4)","decl":{"start":{"line":285,"column":33},"end":{"line":285,"column":34}},"loc":{"start":{"line":285,"column":42},"end":{"line":292,"column":1}},"line":285}},"branchMap":{"0":{"loc":{"start":{"line":111,"column":8},"end":{"line":111,"column":32}},"type":"binary-expr","locations":[{"start":{"line":111,"column":8},"end":{"line":111,"column":24}},{"start":{"line":111,"column":28},"end":{"line":111,"column":32}}],"line":111},"1":{"loc":{"start":{"line":113,"column":4},"end":{"line":118,"column":5}},"type":"if","locations":[{"start":{"line":113,"column":4},"end":{"line":118,"column":5}},{"start":{},"end":{}}],"line":113},"2":{"loc":{"start":{"line":138,"column":12},"end":{"line":145,"column":13}},"type":"if","locations":[{"start":{"line":138,"column":12},"end":{"line":145,"column":13}},{"start":{},"end":{}}],"line":138},"3":{"loc":{"start":{"line":231,"column":4},"end":{"line":248,"column":5}},"type":"if","locations":[{"start":{"line":231,"column":4},"end":{"line":248,"column":5}},{"start":{},"end":{}}],"line":231},"4":{"loc":{"start":{"line":232,"column":8},"end":{"line":233,"column":36}},"type":"binary-expr","locations":[{"start":{"line":232,"column":8},"end":{"line":232,"column":19}},{"start":{"line":233,"column":8},"end":{"line":233,"column":36}}],"line":232}},"s":{"0":5,"1":5,"2":5,"3":5,"4":5,"5":5,"6":5,"7":5,"8":5,"9":5,"10":5,"11":5,"12":5,"13":5,"14":5,"15":5,"16":5,"17":5,"18":5,"19":5,"20":5,"21":5,"22":5,"23":5,"24":5,"25":5,"26":5,"27":20,"28":20,"29":19,"30":19,"31":1,"32":1,"33":1,"34":1,"35":0,"36":0,"37":0,"38":1,"39":1,"40":5,"41":5,"42":5,"43":5,"44":5,"45":5,"46":5,"47":5,"48":5,"49":5,"50":5,"51":5,"52":5,"53":0,"54":0,"55":0,"56":0,"57":5,"58":0,"59":5,"60":0,"61":5},"f":{"0":20,"1":1,"2":0,"3":0,"4":0},"b":{"0":[20,19],"1":[19,1],"2":[0,1],"3":[0,0],"4":[0,0]},"_coverageSchema":"1a1c01bbd47fc00a2c39e90264f33305004495a9","hash":"da24a5670b116a12c84ed711cc094c73285e80e3"}
,"/home/s2209682-node/htdocs/s2209682n.ncgrp.xyz/Cloud/hospital-room-management/config/db.js": {"path":"/home/s2209682-node/htdocs/s2209682n.ncgrp.xyz/Cloud/hospital-room-management/config/db.js","statementMap":{"0":{"start":{"line":1,"column":14},"end":{"line":1,"column":31}},"1":{"start":{"line":2,"column":0},"end":{"line":2,"column":27}},"2":{"start":{"line":4,"column":11},"end":{"line":13,"column":2}},"3":{"start":{"line":15,"column":0},"end":{"line":24,"column":3}},"4":{"start":{"line":16,"column":4},"end":{"line":19,"column":5}},"5":{"start":{"line":17,"column":8},"end":{"line":17,"column":53}},"6":{"start":{"line":18,"column":8},"end":{"line":18,"column":15}},"7":{"start":{"line":21,"column":4},"end":{"line":21,"column":47}},"8":{"start":{"line":23,"column":4},"end":{"line":23,"column":25}},"9":{"start":{"line":26,"column":0},"end":{"line":26,"column":20}}},"fnMap":{"0":{"name":"(anonymous_0)","decl":{"start":{"line":15,"column":17},"end":{"line":15,"column":18}},"loc":{"start":{"line":15,"column":38},"end":{"line":24,"column":1}},"line":15}},"branchMap":{"0":{"loc":{"start":{"line":9,"column":10},"end":{"line":9,"column":37}},"type":"binary-expr","locations":[{"start":{"line":9,"column":10},"end":{"line":9,"column":29}},{"start":{"line":9,"column":33},"end":{"line":9,"column":37}}],"line":9},"1":{"loc":{"start":{"line":16,"column":4},"end":{"line":19,"column":5}},"type":"if","locations":[{"start":{"line":16,"column":4},"end":{"line":19,"column":5}},{"start":{},"end":{}}],"line":16}},"s":{"0":5,"1":5,"2":5,"3":5,"4":5,"5":0,"6":0,"7":5,"8":5,"9":5},"f":{"0":5},"b":{"0":[5,0],"1":[0,5]},"_coverageSchema":"1a1c01bbd47fc00a2c39e90264f33305004495a9","hash":"affd873eb034289e4379ae496af6fec92f06c964"}
,"/home/s2209682-node/htdocs/s2209682n.ncgrp.xyz/Cloud/hospital-room-management/config/multer.js": {"path":"/home/s2209682-node/htdocs/s2209682n.ncgrp.xyz/Cloud/hospital-room-management/config/multer.js","statementMap":{"0":{"start":{"line":1,"column":15},"end":{"line":1,"column":32}},"1":{"start":{"line":2,"column":13},"end":{"line":2,"column":28}},"2":{"start":{"line":8,"column":16},"end":{"line":23,"column":2}},"3":{"start":{"line":12,"column":8},"end":{"line":12,"column":29}},"4":{"start":{"line":18,"column":12},"end":{"line":19,"column":43}},"5":{"start":{"line":21,"column":8},"end":{"line":21,"column":29}},"6":{"start":{"line":29,"column":19},"end":{"line":73,"column":1}},"7":{"start":{"line":31,"column":29},"end":{"line":36,"column":5}},"8":{"start":{"line":38,"column":30},"end":{"line":43,"column":5}},"9":{"start":{"line":46,"column":8},"end":{"line":48,"column":23}},"10":{"start":{"line":51,"column":8},"end":{"line":53,"column":9}},"11":{"start":{"line":56,"column":8},"end":{"line":58,"column":9}},"12":{"start":{"line":60,"column":4},"end":{"line":66,"column":5}},"13":{"start":{"line":65,"column":8},"end":{"line":65,"column":30}},"14":{"start":{"line":68,"column":4},"end":{"line":72,"column":6}},"15":{"start":{"line":79,"column":15},"end":{"line":88,"column":2}},"16":{"start":{"line":90,"column":0},"end":{"line":90,"column":24}}},"fnMap":{"0":{"name":"(anonymous_0)","decl":{"start":{"line":10,"column":17},"end":{"line":10,"column":18}},"loc":{"start":{"line":10,"column":36},"end":{"line":13,"column":5}},"line":10},"1":{"name":"(anonymous_1)","decl":{"start":{"line":15,"column":14},"end":{"line":15,"column":15}},"loc":{"start":{"line":15,"column":33},"end":{"line":22,"column":5}},"line":15},"2":{"name":"(anonymous_2)","decl":{"start":{"line":29,"column":19},"end":{"line":29,"column":20}},"loc":{"start":{"line":29,"column":38},"end":{"line":73,"column":1}},"line":29}},"branchMap":{"0":{"loc":{"start":{"line":60,"column":4},"end":{"line":66,"column":5}},"type":"if","locations":[{"start":{"line":60,"column":4},"end":{"line":66,"column":5}},{"start":{},"end":{}}],"line":60},"1":{"loc":{"start":{"line":61,"column":8},"end":{"line":62,"column":21}},"type":"binary-expr","locations":[{"start":{"line":61,"column":8},"end":{"line":61,"column":22}},{"start":{"line":62,"column":8},"end":{"line":62,"column":21}}],"line":61}},"s":{"0":5,"1":5,"2":5,"3":0,"4":0,"5":0,"6":5,"7":0,"8":0,"9":0,"10":0,"11":0,"12":0,"13":0,"14":0,"15":5,"16":5},"f":{"0":0,"1":0,"2":0},"b":{"0":[0,0],"1":[0,0]},"_coverageSchema":"1a1c01bbd47fc00a2c39e90264f33305004495a9","hash":"07463542eb648a27be94730ac279834af596b83c"}
,"/home/s2209682-node/htdocs/s2209682n.ncgrp.xyz/Cloud/hospital-room-management/controllers/assignmentController.js": {"path":"/home/s2209682-node/htdocs/s2209682n.ncgrp.xyz/Cloud/hospital-room-management/controllers/assignmentController.js","statementMap":{"0":{"start":{"line":1,"column":11},"end":{"line":1,"column":34}},"1":{"start":{"line":4,"column":4},"end":{"line":4,"column":42}},"2":{"start":{"line":7,"column":4},"end":{"line":7,"column":38}},"3":{"start":{"line":11,"column":23},"end":{"line":189,"column":1}},"4":{"start":{"line":18,"column":8},"end":{"line":18,"column":30}},"5":{"start":{"line":21,"column":8},"end":{"line":21,"column":30}},"6":{"start":{"line":24,"column":8},"end":{"line":24,"column":32}},"7":{"start":{"line":27,"column":8},"end":{"line":27,"column":37}},"8":{"start":{"line":29,"column":18},"end":{"line":29,"column":20}},"9":{"start":{"line":32,"column":8},"end":{"line":32,"column":26}},"10":{"start":{"line":38,"column":21},"end":{"line":38,"column":23}},"11":{"start":{"line":39,"column":17},"end":{"line":39,"column":19}},"12":{"start":{"line":41,"column":4},"end":{"line":54,"column":5}},"13":{"start":{"line":43,"column":8},"end":{"line":48,"column":11}},"14":{"start":{"line":50,"column":8},"end":{"line":53,"column":10}},"15":{"start":{"line":56,"column":4},"end":{"line":63,"column":5}},"16":{"start":{"line":58,"column":8},"end":{"line":60,"column":10}},"17":{"start":{"line":62,"column":8},"end":{"line":62,"column":28}},"18":{"start":{"line":65,"column":4},"end":{"line":72,"column":5}},"19":{"start":{"line":67,"column":8},"end":{"line":69,"column":10}},"20":{"start":{"line":71,"column":8},"end":{"line":71,"column":30}},"21":{"start":{"line":79,"column":8},"end":{"line":81,"column":16}},"22":{"start":{"line":87,"column":21},"end":{"line":95,"column":5}},"23":{"start":{"line":97,"column":4},"end":{"line":188,"column":6}},"24":{"start":{"line":102,"column":12},"end":{"line":109,"column":13}},"25":{"start":{"line":104,"column":16},"end":{"line":104,"column":33}},"26":{"start":{"line":106,"column":16},"end":{"line":108,"column":18}},"27":{"start":{"line":112,"column":16},"end":{"line":112,"column":36}},"28":{"start":{"line":115,"column":16},"end":{"line":117,"column":17}},"29":{"start":{"line":123,"column":24},"end":{"line":144,"column":13}},"30":{"start":{"line":146,"column":12},"end":{"line":186,"column":14}},"31":{"start":{"line":155,"column":20},"end":{"line":162,"column":21}},"32":{"start":{"line":157,"column":24},"end":{"line":157,"column":41}},"33":{"start":{"line":159,"column":24},"end":{"line":161,"column":26}},"34":{"start":{"line":164,"column":20},"end":{"line":184,"column":22}},"35":{"start":{"line":195,"column":30},"end":{"line":244,"column":1}},"36":{"start":{"line":198,"column":8},"end":{"line":198,"column":32}},"37":{"start":{"line":203,"column":22},"end":{"line":207,"column":5}},"38":{"start":{"line":211,"column":4},"end":{"line":243,"column":7}},"39":{"start":{"line":213,"column":8},"end":{"line":220,"column":9}},"40":{"start":{"line":215,"column":12},"end":{"line":215,"column":29}},"41":{"start":{"line":217,"column":12},"end":{"line":219,"column":14}},"42":{"start":{"line":222,"column":8},"end":{"line":242,"column":11}},"43":{"start":{"line":224,"column":12},"end":{"line":231,"column":13}},"44":{"start":{"line":226,"column":16},"end":{"line":226,"column":33}},"45":{"start":{"line":228,"column":16},"end":{"line":230,"column":18}},"46":{"start":{"line":233,"column":12},"end":{"line":241,"column":15}},"47":{"start":{"line":247,"column":25},"end":{"line":477,"column":1}},"48":{"start":{"line":252,"column":8},"end":{"line":252,"column":16}},"49":{"start":{"line":258,"column":34},"end":{"line":263,"column":5}},"50":{"start":{"line":265,"column":4},"end":{"line":476,"column":6}},"51":{"start":{"line":270,"column":12},"end":{"line":277,"column":13}},"52":{"start":{"line":272,"column":16},"end":{"line":272,"column":33}},"53":{"start":{"line":274,"column":16},"end":{"line":276,"column":18}},"54":{"start":{"line":279,"column":12},"end":{"line":284,"column":13}},"55":{"start":{"line":281,"column":16},"end":{"line":283,"column":18}},"56":{"start":{"line":290,"column":28},"end":{"line":294,"column":13}},"57":{"start":{"line":296,"column":12},"end":{"line":474,"column":14}},"58":{"start":{"line":301,"column":20},"end":{"line":308,"column":21}},"59":{"start":{"line":303,"column":24},"end":{"line":303,"column":41}},"60":{"start":{"line":305,"column":24},"end":{"line":307,"column":26}},"61":{"start":{"line":310,"column":20},"end":{"line":315,"column":21}},"62":{"start":{"line":312,"column":24},"end":{"line":314,"column":26}},"63":{"start":{"line":318,"column":24},"end":{"line":318,"column":38}},"64":{"start":{"line":324,"column":20},"end":{"line":332,"column":21}},"65":{"start":{"line":329,"column":24},"end":{"line":331,"column":26}},"66":{"start":{"line":338,"column":38},"end":{"line":347,"column":21}},"67":{"start":{"line":349,"column":20},"end":{"line":472,"column":22}},"68":{"start":{"line":359,"column":28},"end":{"line":366,"column":29}},"69":{"start":{"line":361,"column":32},"end":{"line":361,"column":49}},"70":{"start":{"line":363,"column":32},"end":{"line":365,"column":34}},"71":{"start":{"line":373,"column":32},"end":{"line":373,"column":58}},"72":{"start":{"line":376,"column":32},"end":{"line":376,"column":60}},"73":{"start":{"line":379,"column":32},"end":{"line":379,"column":43}},"74":{"start":{"line":381,"column":28},"end":{"line":387,"column":29}},"75":{"start":{"line":385,"column":32},"end":{"line":386,"column":47}},"76":{"start":{"line":391,"column":50},"end":{"line":403,"column":29}},"77":{"start":{"line":406,"column":28},"end":{"line":470,"column":30}},"78":{"start":{"line":416,"column":36},"end":{"line":423,"column":37}},"79":{"start":{"line":418,"column":40},"end":{"line":418,"column":57}},"80":{"start":{"line":420,"column":40},"end":{"line":422,"column":42}},"81":{"start":{"line":429,"column":36},"end":{"line":438,"column":38}},"82":{"start":{"line":440,"column":36},"end":{"line":449,"column":38}},"83":{"start":{"line":455,"column":36},"end":{"line":464,"column":38}},"84":{"start":{"line":466,"column":36},"end":{"line":468,"column":38}},"85":{"start":{"line":487,"column":31},"end":{"line":611,"column":1}},"86":{"start":{"line":490,"column":8},"end":{"line":490,"column":21}},"87":{"start":{"line":492,"column":16},"end":{"line":496,"column":5}},"88":{"start":{"line":498,"column":4},"end":{"line":610,"column":6}},"89":{"start":{"line":503,"column":12},"end":{"line":510,"column":13}},"90":{"start":{"line":505,"column":16},"end":{"line":505,"column":33}},"91":{"start":{"line":507,"column":16},"end":{"line":509,"column":18}},"92":{"start":{"line":512,"column":12},"end":{"line":519,"column":13}},"93":{"start":{"line":516,"column":16},"end":{"line":518,"column":18}},"94":{"start":{"line":522,"column":16},"end":{"line":522,"column":26}},"95":{"start":{"line":528,"column":12},"end":{"line":554,"column":13}},"96":{"start":{"line":537,"column":16},"end":{"line":553,"column":18}},"97":{"start":{"line":561,"column":12},"end":{"line":607,"column":14}},"98":{"start":{"line":565,"column":20},"end":{"line":572,"column":21}},"99":{"start":{"line":567,"column":24},"end":{"line":567,"column":41}},"100":{"start":{"line":569,"column":24},"end":{"line":571,"column":26}},"101":{"start":{"line":574,"column":20},"end":{"line":605,"column":22}},"102":{"start":{"line":578,"column":28},"end":{"line":585,"column":29}},"103":{"start":{"line":580,"column":32},"end":{"line":580,"column":49}},"104":{"start":{"line":582,"column":32},"end":{"line":584,"column":34}},"105":{"start":{"line":587,"column":28},"end":{"line":603,"column":30}},"106":{"start":{"line":619,"column":25},"end":{"line":761,"column":1}},"107":{"start":{"line":622,"column":8},"end":{"line":622,"column":21}},"108":{"start":{"line":630,"column":8},"end":{"line":630,"column":16}},"109":{"start":{"line":636,"column":26},"end":{"line":640,"column":5}},"110":{"start":{"line":642,"column":4},"end":{"line":760,"column":6}},"111":{"start":{"line":647,"column":12},"end":{"line":654,"column":13}},"112":{"start":{"line":649,"column":16},"end":{"line":649,"column":33}},"113":{"start":{"line":651,"column":16},"end":{"line":653,"column":18}},"114":{"start":{"line":656,"column":12},"end":{"line":663,"column":13}},"115":{"start":{"line":660,"column":16},"end":{"line":662,"column":18}},"116":{"start":{"line":666,"column":16},"end":{"line":666,"column":26}},"117":{"start":{"line":672,"column":12},"end":{"line":698,"column":13}},"118":{"start":{"line":681,"column":16},"end":{"line":697,"column":18}},"119":{"start":{"line":704,"column":30},"end":{"line":711,"column":13}},"120":{"start":{"line":713,"column":12},"end":{"line":758,"column":14}},"121":{"start":{"line":723,"column":20},"end":{"line":730,"column":21}},"122":{"start":{"line":725,"column":24},"end":{"line":725,"column":41}},"123":{"start":{"line":727,"column":24},"end":{"line":729,"column":26}},"124":{"start":{"line":732,"column":20},"end":{"line":741,"column":22}},"125":{"start":{"line":743,"column":20},"end":{"line":752,"column":22}},"126":{"start":{"line":754,"column":20},"end":{"line":756,"column":22}},"127":{"start":{"line":771,"column":25},"end":{"line":835,"column":1}},"128":{"start":{"line":774,"column":8},"end":{"line":774,"column":21}},"129":{"start":{"line":776,"column":26},"end":{"line":780,"column":5}},"130":{"start":{"line":782,"column":20},"end":{"line":786,"column":5}},"131":{"start":{"line":788,"column":4},"end":{"line":834,"column":6}},"132":{"start":{"line":793,"column":12},"end":{"line":800,"column":13}},"133":{"start":{"line":795,"column":16},"end":{"line":795,"column":33}},"134":{"start":{"line":797,"column":16},"end":{"line":799,"column":18}},"135":{"start":{"line":802,"column":12},"end":{"line":832,"column":14}},"136":{"start":{"line":806,"column":20},"end":{"line":813,"column":21}},"137":{"start":{"line":808,"column":24},"end":{"line":808,"column":41}},"138":{"start":{"line":810,"column":24},"end":{"line":812,"column":26}},"139":{"start":{"line":816,"column":20},"end":{"line":830,"column":22}},"140":{"start":{"line":841,"column":27},"end":{"line":1022,"column":1}},"141":{"start":{"line":845,"column":8},"end":{"line":845,"column":21}},"142":{"start":{"line":849,"column":8},"end":{"line":849,"column":16}},"143":{"start":{"line":851,"column":26},"end":{"line":855,"column":5}},"144":{"start":{"line":857,"column":4},"end":{"line":1021,"column":6}},"145":{"start":{"line":862,"column":12},"end":{"line":869,"column":13}},"146":{"start":{"line":864,"column":16},"end":{"line":864,"column":33}},"147":{"start":{"line":866,"column":16},"end":{"line":868,"column":18}},"148":{"start":{"line":872,"column":4},"end":{"line":879,"column":5}},"149":{"start":{"line":876,"column":8},"end":{"line":878,"column":10}},"150":{"start":{"line":883,"column":16},"end":{"line":883,"column":36}},"151":{"start":{"line":886,"column":16},"end":{"line":886,"column":34}},"152":{"start":{"line":895,"column":12},"end":{"line":903,"column":13}},"153":{"start":{"line":900,"column":16},"end":{"line":902,"column":18}},"154":{"start":{"line":950,"column":12},"end":{"line":1019,"column":14}},"155":{"start":{"line":959,"column":20},"end":{"line":966,"column":21}},"156":{"start":{"line":961,"column":24},"end":{"line":961,"column":41}},"157":{"start":{"line":963,"column":24},"end":{"line":965,"column":26}},"158":{"start":{"line":974,"column":20},"end":{"line":1015,"column":22}},"159":{"start":{"line":991,"column":28},"end":{"line":998,"column":29}},"160":{"start":{"line":993,"column":32},"end":{"line":993,"column":49}},"161":{"start":{"line":995,"column":32},"end":{"line":997,"column":34}},"162":{"start":{"line":1004,"column":28},"end":{"line":1005,"column":54}},"163":{"start":{"line":1007,"column":28},"end":{"line":1008,"column":44}},"164":{"start":{"line":1010,"column":28},"end":{"line":1013,"column":30}},"165":{"start":{"line":1028,"column":25},"end":{"line":1140,"column":1}},"166":{"start":{"line":1031,"column":8},"end":{"line":1031,"column":21}},"167":{"start":{"line":1033,"column":16},"end":{"line":1037,"column":5}},"168":{"start":{"line":1039,"column":4},"end":{"line":1139,"column":6}},"169":{"start":{"line":1044,"column":12},"end":{"line":1051,"column":13}},"170":{"start":{"line":1046,"column":16},"end":{"line":1046,"column":33}},"171":{"start":{"line":1048,"column":16},"end":{"line":1050,"column":18}},"172":{"start":{"line":1054,"column":16},"end":{"line":1054,"column":26}},"173":{"start":{"line":1060,"column":12},"end":{"line":1137,"column":14}},"174":{"start":{"line":1069,"column":20},"end":{"line":1076,"column":21}},"175":{"start":{"line":1071,"column":24},"end":{"line":1071,"column":41}},"176":{"start":{"line":1073,"column":24},"end":{"line":1075,"column":26}},"177":{"start":{"line":1082,"column":20},"end":{"line":1134,"column":22}},"178":{"start":{"line":1099,"column":28},"end":{"line":1106,"column":29}},"179":{"start":{"line":1101,"column":32},"end":{"line":1101,"column":49}},"180":{"start":{"line":1103,"column":32},"end":{"line":1105,"column":34}},"181":{"start":{"line":1108,"column":28},"end":{"line":1117,"column":30}},"182":{"start":{"line":1119,"column":28},"end":{"line":1128,"column":30}},"183":{"start":{"line":1130,"column":28},"end":{"line":1132,"column":30}},"184":{"start":{"line":1142,"column":34},"end":{"line":1173,"column":1}},"185":{"start":{"line":1150,"column":16},"end":{"line":1155,"column":5}},"186":{"start":{"line":1157,"column":4},"end":{"line":1172,"column":6}},"187":{"start":{"line":1162,"column":12},"end":{"line":1165,"column":13}},"188":{"start":{"line":1164,"column":16},"end":{"line":1164,"column":37}},"189":{"start":{"line":1167,"column":12},"end":{"line":1170,"column":14}},"190":{"start":{"line":1176,"column":0},"end":{"line":1193,"column":2}}},"fnMap":{"0":{"name":"(anonymous_0)","decl":{"start":{"line":11,"column":23},"end":{"line":11,"column":24}},"loc":{"start":{"line":11,"column":37},"end":{"line":189,"column":1}},"line":11},"1":{"name":"(anonymous_1)","decl":{"start":{"line":100,"column":8},"end":{"line":100,"column":9}},"loc":{"start":{"line":100,"column":30},"end":{"line":187,"column":9}},"line":100},"2":{"name":"(anonymous_2)","decl":{"start":{"line":153,"column":16},"end":{"line":153,"column":17}},"loc":{"start":{"line":153,"column":34},"end":{"line":185,"column":17}},"line":153},"3":{"name":"(anonymous_3)","decl":{"start":{"line":195,"column":30},"end":{"line":195,"column":31}},"loc":{"start":{"line":195,"column":44},"end":{"line":244,"column":1}},"line":195},"4":{"name":"(anonymous_4)","decl":{"start":{"line":211,"column":27},"end":{"line":211,"column":28}},"loc":{"start":{"line":211,"column":46},"end":{"line":243,"column":5}},"line":211},"5":{"name":"(anonymous_5)","decl":{"start":{"line":222,"column":28},"end":{"line":222,"column":29}},"loc":{"start":{"line":222,"column":44},"end":{"line":242,"column":9}},"line":222},"6":{"name":"(anonymous_6)","decl":{"start":{"line":247,"column":25},"end":{"line":247,"column":26}},"loc":{"start":{"line":247,"column":39},"end":{"line":477,"column":1}},"line":247},"7":{"name":"(anonymous_7)","decl":{"start":{"line":268,"column":8},"end":{"line":268,"column":9}},"loc":{"start":{"line":268,"column":38},"end":{"line":475,"column":9}},"line":268},"8":{"name":"(anonymous_8)","decl":{"start":{"line":299,"column":16},"end":{"line":299,"column":17}},"loc":{"start":{"line":299,"column":38},"end":{"line":473,"column":17}},"line":299},"9":{"name":"(anonymous_9)","decl":{"start":{"line":357,"column":24},"end":{"line":357,"column":25}},"loc":{"start":{"line":357,"column":33},"end":{"line":471,"column":25}},"line":357},"10":{"name":"(anonymous_10)","decl":{"start":{"line":414,"column":32},"end":{"line":414,"column":33}},"loc":{"start":{"line":414,"column":41},"end":{"line":469,"column":33}},"line":414},"11":{"name":"(anonymous_11)","decl":{"start":{"line":487,"column":31},"end":{"line":487,"column":32}},"loc":{"start":{"line":487,"column":45},"end":{"line":611,"column":1}},"line":487},"12":{"name":"(anonymous_12)","decl":{"start":{"line":501,"column":8},"end":{"line":501,"column":9}},"loc":{"start":{"line":501,"column":26},"end":{"line":609,"column":9}},"line":501},"13":{"name":"(anonymous_13)","decl":{"start":{"line":563,"column":16},"end":{"line":563,"column":17}},"loc":{"start":{"line":563,"column":35},"end":{"line":606,"column":17}},"line":563},"14":{"name":"(anonymous_14)","decl":{"start":{"line":576,"column":24},"end":{"line":576,"column":25}},"loc":{"start":{"line":576,"column":40},"end":{"line":604,"column":25}},"line":576},"15":{"name":"(anonymous_15)","decl":{"start":{"line":619,"column":25},"end":{"line":619,"column":26}},"loc":{"start":{"line":619,"column":39},"end":{"line":761,"column":1}},"line":619},"16":{"name":"(anonymous_16)","decl":{"start":{"line":645,"column":8},"end":{"line":645,"column":9}},"loc":{"start":{"line":645,"column":26},"end":{"line":759,"column":9}},"line":645},"17":{"name":"(anonymous_17)","decl":{"start":{"line":721,"column":16},"end":{"line":721,"column":17}},"loc":{"start":{"line":721,"column":25},"end":{"line":757,"column":17}},"line":721},"18":{"name":"(anonymous_18)","decl":{"start":{"line":771,"column":25},"end":{"line":771,"column":26}},"loc":{"start":{"line":771,"column":39},"end":{"line":835,"column":1}},"line":771},"19":{"name":"(anonymous_19)","decl":{"start":{"line":791,"column":8},"end":{"line":791,"column":9}},"loc":{"start":{"line":791,"column":36},"end":{"line":833,"column":9}},"line":791},"20":{"name":"(anonymous_20)","decl":{"start":{"line":804,"column":16},"end":{"line":804,"column":17}},"loc":{"start":{"line":804,"column":38},"end":{"line":831,"column":17}},"line":804},"21":{"name":"(anonymous_21)","decl":{"start":{"line":841,"column":27},"end":{"line":841,"column":28}},"loc":{"start":{"line":841,"column":41},"end":{"line":1022,"column":1}},"line":841},"22":{"name":"(anonymous_22)","decl":{"start":{"line":860,"column":8},"end":{"line":860,"column":9}},"loc":{"start":{"line":860,"column":36},"end":{"line":1020,"column":9}},"line":860},"23":{"name":"(anonymous_23)","decl":{"start":{"line":957,"column":16},"end":{"line":957,"column":17}},"loc":{"start":{"line":957,"column":25},"end":{"line":1018,"column":17}},"line":957},"24":{"name":"(anonymous_24)","decl":{"start":{"line":989,"column":24},"end":{"line":989,"column":25}},"loc":{"start":{"line":989,"column":33},"end":{"line":1014,"column":25}},"line":989},"25":{"name":"(anonymous_25)","decl":{"start":{"line":1028,"column":25},"end":{"line":1028,"column":26}},"loc":{"start":{"line":1028,"column":39},"end":{"line":1140,"column":1}},"line":1028},"26":{"name":"(anonymous_26)","decl":{"start":{"line":1042,"column":8},"end":{"line":1042,"column":9}},"loc":{"start":{"line":1042,"column":26},"end":{"line":1138,"column":9}},"line":1042},"27":{"name":"(anonymous_27)","decl":{"start":{"line":1067,"column":16},"end":{"line":1067,"column":17}},"loc":{"start":{"line":1067,"column":25},"end":{"line":1136,"column":17}},"line":1067},"28":{"name":"(anonymous_28)","decl":{"start":{"line":1097,"column":24},"end":{"line":1097,"column":25}},"loc":{"start":{"line":1097,"column":33},"end":{"line":1133,"column":25}},"line":1097},"29":{"name":"(anonymous_29)","decl":{"start":{"line":1142,"column":34},"end":{"line":1142,"column":35}},"loc":{"start":{"line":1148,"column":5},"end":{"line":1173,"column":1}},"line":1148},"30":{"name":"(anonymous_30)","decl":{"start":{"line":1160,"column":8},"end":{"line":1160,"column":9}},"loc":{"start":{"line":1160,"column":26},"end":{"line":1171,"column":9}},"line":1160}},"branchMap":{"0":{"loc":{"start":{"line":18,"column":8},"end":{"line":18,"column":30}},"type":"binary-expr","locations":[{"start":{"line":18,"column":8},"end":{"line":18,"column":24}},{"start":{"line":18,"column":28},"end":{"line":18,"column":30}}],"line":18},"1":{"loc":{"start":{"line":21,"column":8},"end":{"line":21,"column":30}},"type":"binary-expr","locations":[{"start":{"line":21,"column":8},"end":{"line":21,"column":24}},{"start":{"line":21,"column":28},"end":{"line":21,"column":30}}],"line":21},"2":{"loc":{"start":{"line":24,"column":8},"end":{"line":24,"column":32}},"type":"binary-expr","locations":[{"start":{"line":24,"column":8},"end":{"line":24,"column":26}},{"start":{"line":24,"column":30},"end":{"line":24,"column":32}}],"line":24},"3":{"loc":{"start":{"line":27,"column":8},"end":{"line":27,"column":37}},"type":"binary-expr","locations":[{"start":{"line":27,"column":8},"end":{"line":27,"column":32}},{"start":{"line":27,"column":36},"end":{"line":27,"column":37}}],"line":27},"4":{"loc":{"start":{"line":41,"column":4},"end":{"line":54,"column":5}},"type":"if","locations":[{"start":{"line":41,"column":4},"end":{"line":54,"column":5}},{"start":{},"end":{}}],"line":41},"5":{"loc":{"start":{"line":56,"column":4},"end":{"line":63,"column":5}},"type":"if","locations":[{"start":{"line":56,"column":4},"end":{"line":63,"column":5}},{"start":{},"end":{}}],"line":56},"6":{"loc":{"start":{"line":65,"column":4},"end":{"line":72,"column":5}},"type":"if","locations":[{"start":{"line":65,"column":4},"end":{"line":72,"column":5}},{"start":{},"end":{}}],"line":65},"7":{"loc":{"start":{"line":79,"column":8},"end":{"line":81,"column":16}},"type":"cond-expr","locations":[{"start":{"line":80,"column":14},"end":{"line":80,"column":49}},{"start":{"line":81,"column":14},"end":{"line":81,"column":16}}],"line":79},"8":{"loc":{"start":{"line":102,"column":12},"end":{"line":109,"column":13}},"type":"if","locations":[{"start":{"line":102,"column":12},"end":{"line":109,"column":13}},{"start":{},"end":{}}],"line":102},"9":{"loc":{"start":{"line":155,"column":20},"end":{"line":162,"column":21}},"type":"if","locations":[{"start":{"line":155,"column":20},"end":{"line":162,"column":21}},{"start":{},"end":{}}],"line":155},"10":{"loc":{"start":{"line":213,"column":8},"end":{"line":220,"column":9}},"type":"if","locations":[{"start":{"line":213,"column":8},"end":{"line":220,"column":9}},{"start":{},"end":{}}],"line":213},"11":{"loc":{"start":{"line":224,"column":12},"end":{"line":231,"column":13}},"type":"if","locations":[{"start":{"line":224,"column":12},"end":{"line":231,"column":13}},{"start":{},"end":{}}],"line":224},"12":{"loc":{"start":{"line":270,"column":12},"end":{"line":277,"column":13}},"type":"if","locations":[{"start":{"line":270,"column":12},"end":{"line":277,"column":13}},{"start":{},"end":{}}],"line":270},"13":{"loc":{"start":{"line":279,"column":12},"end":{"line":284,"column":13}},"type":"if","locations":[{"start":{"line":279,"column":12},"end":{"line":284,"column":13}},{"start":{},"end":{}}],"line":279},"14":{"loc":{"start":{"line":301,"column":20},"end":{"line":308,"column":21}},"type":"if","locations":[{"start":{"line":301,"column":20},"end":{"line":308,"column":21}},{"start":{},"end":{}}],"line":301},"15":{"loc":{"start":{"line":310,"column":20},"end":{"line":315,"column":21}},"type":"if","locations":[{"start":{"line":310,"column":20},"end":{"line":315,"column":21}},{"start":{},"end":{}}],"line":310},"16":{"loc":{"start":{"line":324,"column":20},"end":{"line":332,"column":21}},"type":"if","locations":[{"start":{"line":324,"column":20},"end":{"line":332,"column":21}},{"start":{},"end":{}}],"line":324},"17":{"loc":{"start":{"line":359,"column":28},"end":{"line":366,"column":29}},"type":"if","locations":[{"start":{"line":359,"column":28},"end":{"line":366,"column":29}},{"start":{},"end":{}}],"line":359},"18":{"loc":{"start":{"line":381,"column":28},"end":{"line":387,"column":29}},"type":"if","locations":[{"start":{"line":381,"column":28},"end":{"line":387,"column":29}},{"start":{},"end":{}}],"line":381},"19":{"loc":{"start":{"line":416,"column":36},"end":{"line":423,"column":37}},"type":"if","locations":[{"start":{"line":416,"column":36},"end":{"line":423,"column":37}},{"start":{},"end":{}}],"line":416},"20":{"loc":{"start":{"line":503,"column":12},"end":{"line":510,"column":13}},"type":"if","locations":[{"start":{"line":503,"column":12},"end":{"line":510,"column":13}},{"start":{},"end":{}}],"line":503},"21":{"loc":{"start":{"line":512,"column":12},"end":{"line":519,"column":13}},"type":"if","locations":[{"start":{"line":512,"column":12},"end":{"line":519,"column":13}},{"start":{},"end":{}}],"line":512},"22":{"loc":{"start":{"line":528,"column":12},"end":{"line":554,"column":13}},"type":"if","locations":[{"start":{"line":528,"column":12},"end":{"line":554,"column":13}},{"start":{},"end":{}}],"line":528},"23":{"loc":{"start":{"line":530,"column":16},"end":{"line":533,"column":35}},"type":"binary-expr","locations":[{"start":{"line":530,"column":16},"end":{"line":530,"column":49}},{"start":{"line":532,"column":16},"end":{"line":533,"column":35}}],"line":530},"24":{"loc":{"start":{"line":565,"column":20},"end":{"line":572,"column":21}},"type":"if","locations":[{"start":{"line":565,"column":20},"end":{"line":572,"column":21}},{"start":{},"end":{}}],"line":565},"25":{"loc":{"start":{"line":578,"column":28},"end":{"line":585,"column":29}},"type":"if","locations":[{"start":{"line":578,"column":28},"end":{"line":585,"column":29}},{"start":{},"end":{}}],"line":578},"26":{"loc":{"start":{"line":647,"column":12},"end":{"line":654,"column":13}},"type":"if","locations":[{"start":{"line":647,"column":12},"end":{"line":654,"column":13}},{"start":{},"end":{}}],"line":647},"27":{"loc":{"start":{"line":656,"column":12},"end":{"line":663,"column":13}},"type":"if","locations":[{"start":{"line":656,"column":12},"end":{"line":663,"column":13}},{"start":{},"end":{}}],"line":656},"28":{"loc":{"start":{"line":672,"column":12},"end":{"line":698,"column":13}},"type":"if","locations":[{"start":{"line":672,"column":12},"end":{"line":698,"column":13}},{"start":{},"end":{}}],"line":672},"29":{"loc":{"start":{"line":674,"column":16},"end":{"line":677,"column":35}},"type":"binary-expr","locations":[{"start":{"line":674,"column":16},"end":{"line":674,"column":49}},{"start":{"line":676,"column":16},"end":{"line":677,"column":35}}],"line":674},"30":{"loc":{"start":{"line":723,"column":20},"end":{"line":730,"column":21}},"type":"if","locations":[{"start":{"line":723,"column":20},"end":{"line":730,"column":21}},{"start":{},"end":{}}],"line":723},"31":{"loc":{"start":{"line":793,"column":12},"end":{"line":800,"column":13}},"type":"if","locations":[{"start":{"line":793,"column":12},"end":{"line":800,"column":13}},{"start":{},"end":{}}],"line":793},"32":{"loc":{"start":{"line":806,"column":20},"end":{"line":813,"column":21}},"type":"if","locations":[{"start":{"line":806,"column":20},"end":{"line":813,"column":21}},{"start":{},"end":{}}],"line":806},"33":{"loc":{"start":{"line":862,"column":12},"end":{"line":869,"column":13}},"type":"if","locations":[{"start":{"line":862,"column":12},"end":{"line":869,"column":13}},{"start":{},"end":{}}],"line":862},"34":{"loc":{"start":{"line":872,"column":4},"end":{"line":879,"column":5}},"type":"if","locations":[{"start":{"line":872,"column":4},"end":{"line":879,"column":5}},{"start":{},"end":{}}],"line":872},"35":{"loc":{"start":{"line":895,"column":12},"end":{"line":903,"column":13}},"type":"if","locations":[{"start":{"line":895,"column":12},"end":{"line":903,"column":13}},{"start":{},"end":{}}],"line":895},"36":{"loc":{"start":{"line":959,"column":20},"end":{"line":966,"column":21}},"type":"if","locations":[{"start":{"line":959,"column":20},"end":{"line":966,"column":21}},{"start":{},"end":{}}],"line":959},"37":{"loc":{"start":{"line":991,"column":28},"end":{"line":998,"column":29}},"type":"if","locations":[{"start":{"line":991,"column":28},"end":{"line":998,"column":29}},{"start":{},"end":{}}],"line":991},"38":{"loc":{"start":{"line":1044,"column":12},"end":{"line":1051,"column":13}},"type":"if","locations":[{"start":{"line":1044,"column":12},"end":{"line":1051,"column":13}},{"start":{},"end":{}}],"line":1044},"39":{"loc":{"start":{"line":1069,"column":20},"end":{"line":1076,"column":21}},"type":"if","locations":[{"start":{"line":1069,"column":20},"end":{"line":1076,"column":21}},{"start":{},"end":{}}],"line":1069},"40":{"loc":{"start":{"line":1099,"column":28},"end":{"line":1106,"column":29}},"type":"if","locations":[{"start":{"line":1099,"column":28},"end":{"line":1106,"column":29}},{"start":{},"end":{}}],"line":1099},"41":{"loc":{"start":{"line":1162,"column":12},"end":{"line":1165,"column":13}},"type":"if","locations":[{"start":{"line":1162,"column":12},"end":{"line":1165,"column":13}},{"start":{},"end":{}}],"line":1162}},"s":{"0":5,"1":5,"2":5,"3":5,"4":0,"5":0,"6":0,"7":0,"8":0,"9":0,"10":0,"11":0,"12":0,"13":0,"14":0,"15":0,"16":0,"17":0,"18":0,"19":0,"20":0,"21":0,"22":0,"23":0,"24":0,"25":0,"26":0,"27":0,"28":0,"29":0,"30":0,"31":0,"32":0,"33":0,"34":0,"35":5,"36":0,"37":0,"38":0,"39":0,"40":0,"41":0,"42":0,"43":0,"44":0,"45":0,"46":0,"47":5,"48":0,"49":0,"50":0,"51":0,"52":0,"53":0,"54":0,"55":0,"56":0,"57":0,"58":0,"59":0,"60":0,"61":0,"62":0,"63":0,"64":0,"65":0,"66":0,"67":0,"68":0,"69":0,"70":0,"71":0,"72":0,"73":0,"74":0,"75":0,"76":0,"77":0,"78":0,"79":0,"80":0,"81":0,"82":0,"83":0,"84":0,"85":5,"86":0,"87":0,"88":0,"89":0,"90":0,"91":0,"92":0,"93":0,"94":0,"95":0,"96":0,"97":0,"98":0,"99":0,"100":0,"101":0,"102":0,"103":0,"104":0,"105":0,"106":5,"107":0,"108":0,"109":0,"110":0,"111":0,"112":0,"113":0,"114":0,"115":0,"116":0,"117":0,"118":0,"119":0,"120":0,"121":0,"122":0,"123":0,"124":0,"125":0,"126":0,"127":5,"128":0,"129":0,"130":0,"131":0,"132":0,"133":0,"134":0,"135":0,"136":0,"137":0,"138":0,"139":0,"140":5,"141":0,"142":0,"143":0,"144":0,"145":0,"146":0,"147":0,"148":0,"149":0,"150":0,"151":0,"152":0,"153":0,"154":0,"155":0,"156":0,"157":0,"158":0,"159":0,"160":0,"161":0,"162":0,"163":0,"164":0,"165":5,"166":0,"167":0,"168":0,"169":0,"170":0,"171":0,"172":0,"173":0,"174":0,"175":0,"176":0,"177":0,"178":0,"179":0,"180":0,"181":0,"182":0,"183":0,"184":5,"185":0,"186":0,"187":0,"188":0,"189":0,"190":5},"f":{"0":0,"1":0,"2":0,"3":0,"4":0,"5":0,"6":0,"7":0,"8":0,"9":0,"10":0,"11":0,"12":0,"13":0,"14":0,"15":0,"16":0,"17":0,"18":0,"19":0,"20":0,"21":0,"22":0,"23":0,"24":0,"25":0,"26":0,"27":0,"28":0,"29":0,"30":0},"b":{"0":[0,0],"1":[0,0],"2":[0,0],"3":[0,0],"4":[0,0],"5":[0,0],"6":[0,0],"7":[0,0],"8":[0,0],"9":[0,0],"10":[0,0],"11":[0,0],"12":[0,0],"13":[0,0],"14":[0,0],"15":[0,0],"16":[0,0],"17":[0,0],"18":[0,0],"19":[0,0],"20":[0,0],"21":[0,0],"22":[0,0],"23":[0,0],"24":[0,0],"25":[0,0],"26":[0,0],"27":[0,0],"28":[0,0],"29":[0,0],"30":[0,0],"31":[0,0],"32":[0,0],"33":[0,0],"34":[0,0],"35":[0,0],"36":[0,0],"37":[0,0],"38":[0,0],"39":[0,0],"40":[0,0],"41":[0,0]},"_coverageSchema":"1a1c01bbd47fc00a2c39e90264f33305004495a9","hash":"5dfb6b368f1bdf86683c927ac7ab1fb8611fed5b"}
,"/home/s2209682-node/htdocs/s2209682n.ncgrp.xyz/Cloud/hospital-room-management/controllers/authController.js": {"path":"/home/s2209682-node/htdocs/s2209682n.ncgrp.xyz/Cloud/hospital-room-management/controllers/authController.js","statementMap":{"0":{"start":{"line":1,"column":11},"end":{"line":1,"column":34}},"1":{"start":{"line":2,"column":15},"end":{"line":2,"column":32}},"2":{"start":{"line":3,"column":15},"end":{"line":3,"column":32}},"3":{"start":{"line":5,"column":18},"end":{"line":10,"column":1}},"4":{"start":{"line":7,"column":4},"end":{"line":9,"column":7}},"5":{"start":{"line":16,"column":18},"end":{"line":124,"column":1}},"6":{"start":{"line":19,"column":8},"end":{"line":19,"column":43}},"7":{"start":{"line":22,"column":8},"end":{"line":22,"column":25}},"8":{"start":{"line":27,"column":4},"end":{"line":32,"column":5}},"9":{"start":{"line":29,"column":8},"end":{"line":31,"column":10}},"10":{"start":{"line":35,"column":8},"end":{"line":35,"column":43}},"11":{"start":{"line":37,"column":4},"end":{"line":123,"column":7}},"12":{"start":{"line":39,"column":8},"end":{"line":46,"column":9}},"13":{"start":{"line":41,"column":12},"end":{"line":41,"column":29}},"14":{"start":{"line":43,"column":12},"end":{"line":45,"column":14}},"15":{"start":{"line":48,"column":8},"end":{"line":53,"column":9}},"16":{"start":{"line":50,"column":12},"end":{"line":52,"column":14}},"17":{"start":{"line":55,"column":21},"end":{"line":55,"column":31}},"18":{"start":{"line":62,"column":8},"end":{"line":67,"column":9}},"19":{"start":{"line":64,"column":12},"end":{"line":66,"column":14}},"20":{"start":{"line":71,"column":12},"end":{"line":74,"column":13}},"21":{"start":{"line":76,"column":8},"end":{"line":81,"column":9}},"22":{"start":{"line":78,"column":12},"end":{"line":80,"column":14}},"23":{"start":{"line":87,"column":31},"end":{"line":93,"column":9}},"24":{"start":{"line":95,"column":8},"end":{"line":98,"column":10}},"25":{"start":{"line":104,"column":8},"end":{"line":120,"column":10}},"26":{"start":{"line":122,"column":8},"end":{"line":122,"column":26}},"27":{"start":{"line":141,"column":23},"end":{"line":221,"column":1}},"28":{"start":{"line":144,"column":8},"end":{"line":146,"column":26}},"29":{"start":{"line":148,"column":4},"end":{"line":153,"column":5}},"30":{"start":{"line":150,"column":8},"end":{"line":152,"column":10}},"31":{"start":{"line":156,"column":8},"end":{"line":156,"column":43}},"32":{"start":{"line":158,"column":4},"end":{"line":220,"column":7}},"33":{"start":{"line":160,"column":8},"end":{"line":167,"column":9}},"34":{"start":{"line":162,"column":12},"end":{"line":162,"column":29}},"35":{"start":{"line":164,"column":12},"end":{"line":166,"column":14}},"36":{"start":{"line":169,"column":8},"end":{"line":174,"column":9}},"37":{"start":{"line":171,"column":12},"end":{"line":173,"column":14}},"38":{"start":{"line":177,"column":12},"end":{"line":178,"column":32}},"39":{"start":{"line":181,"column":12},"end":{"line":183,"column":13}},"40":{"start":{"line":185,"column":26},"end":{"line":191,"column":9}},"41":{"start":{"line":193,"column":8},"end":{"line":219,"column":10}},"42":{"start":{"line":198,"column":16},"end":{"line":205,"column":17}},"43":{"start":{"line":200,"column":20},"end":{"line":200,"column":37}},"44":{"start":{"line":202,"column":20},"end":{"line":204,"column":22}},"45":{"start":{"line":208,"column":0},"end":{"line":208,"column":53}},"46":{"start":{"line":210,"column":16},"end":{"line":213,"column":18}},"47":{"start":{"line":215,"column":16},"end":{"line":217,"column":18}},"48":{"start":{"line":223,"column":26},"end":{"line":231,"column":1}},"49":{"start":{"line":225,"column":4},"end":{"line":230,"column":6}},"50":{"start":{"line":233,"column":22},"end":{"line":303,"column":1}},"51":{"start":{"line":235,"column":22},"end":{"line":235,"column":32}},"52":{"start":{"line":237,"column":25},"end":{"line":237,"column":33}},"53":{"start":{"line":239,"column":16},"end":{"line":244,"column":5}},"54":{"start":{"line":246,"column":4},"end":{"line":302,"column":6}},"55":{"start":{"line":251,"column":12},"end":{"line":258,"column":13}},"56":{"start":{"line":253,"column":16},"end":{"line":253,"column":33}},"57":{"start":{"line":255,"column":16},"end":{"line":257,"column":18}},"58":{"start":{"line":260,"column":12},"end":{"line":265,"column":13}},"59":{"start":{"line":262,"column":16},"end":{"line":264,"column":18}},"60":{"start":{"line":268,"column":16},"end":{"line":271,"column":17}},"61":{"start":{"line":273,"column":30},"end":{"line":280,"column":13}},"62":{"start":{"line":282,"column":12},"end":{"line":300,"column":14}},"63":{"start":{"line":287,"column":20},"end":{"line":294,"column":21}},"64":{"start":{"line":289,"column":24},"end":{"line":289,"column":41}},"65":{"start":{"line":291,"column":24},"end":{"line":293,"column":26}},"66":{"start":{"line":296,"column":20},"end":{"line":298,"column":22}},"67":{"start":{"line":307,"column":19},"end":{"line":327,"column":1}},"68":{"start":{"line":309,"column":4},"end":{"line":321,"column":5}},"69":{"start":{"line":311,"column":20},"end":{"line":315,"column":9}},"70":{"start":{"line":317,"column":8},"end":{"line":320,"column":10}},"71":{"start":{"line":323,"column":4},"end":{"line":326,"column":7}},"72":{"start":{"line":325,"column":8},"end":{"line":325,"column":31}},"73":{"start":{"line":331,"column":0},"end":{"line":338,"column":2}}},"fnMap":{"0":{"name":"(anonymous_0)","decl":{"start":{"line":5,"column":18},"end":{"line":5,"column":19}},"loc":{"start":{"line":5,"column":32},"end":{"line":10,"column":1}},"line":5},"1":{"name":"(anonymous_1)","decl":{"start":{"line":16,"column":18},"end":{"line":16,"column":19}},"loc":{"start":{"line":16,"column":32},"end":{"line":124,"column":1}},"line":16},"2":{"name":"(anonymous_2)","decl":{"start":{"line":37,"column":27},"end":{"line":37,"column":28}},"loc":{"start":{"line":37,"column":51},"end":{"line":123,"column":5}},"line":37},"3":{"name":"(anonymous_3)","decl":{"start":{"line":141,"column":23},"end":{"line":141,"column":24}},"loc":{"start":{"line":141,"column":37},"end":{"line":221,"column":1}},"line":141},"4":{"name":"(anonymous_4)","decl":{"start":{"line":158,"column":27},"end":{"line":158,"column":28}},"loc":{"start":{"line":158,"column":45},"end":{"line":220,"column":5}},"line":158},"5":{"name":"(anonymous_5)","decl":{"start":{"line":196,"column":12},"end":{"line":196,"column":13}},"loc":{"start":{"line":196,"column":21},"end":{"line":218,"column":13}},"line":196},"6":{"name":"(anonymous_6)","decl":{"start":{"line":223,"column":26},"end":{"line":223,"column":27}},"loc":{"start":{"line":223,"column":40},"end":{"line":231,"column":1}},"line":223},"7":{"name":"(anonymous_7)","decl":{"start":{"line":233,"column":22},"end":{"line":233,"column":23}},"loc":{"start":{"line":233,"column":42},"end":{"line":303,"column":1}},"line":233},"8":{"name":"(anonymous_8)","decl":{"start":{"line":249,"column":8},"end":{"line":249,"column":9}},"loc":{"start":{"line":249,"column":32},"end":{"line":301,"column":9}},"line":249},"9":{"name":"(anonymous_9)","decl":{"start":{"line":285,"column":16},"end":{"line":285,"column":17}},"loc":{"start":{"line":285,"column":25},"end":{"line":299,"column":17}},"line":285},"10":{"name":"(anonymous_10)","decl":{"start":{"line":307,"column":19},"end":{"line":307,"column":20}},"loc":{"start":{"line":307,"column":33},"end":{"line":327,"column":1}},"line":307},"11":{"name":"(anonymous_11)","decl":{"start":{"line":323,"column":24},"end":{"line":323,"column":25}},"loc":{"start":{"line":323,"column":30},"end":{"line":326,"column":5}},"line":323}},"branchMap":{"0":{"loc":{"start":{"line":27,"column":4},"end":{"line":32,"column":5}},"type":"if","locations":[{"start":{"line":27,"column":4},"end":{"line":32,"column":5}},{"start":{},"end":{}}],"line":27},"1":{"loc":{"start":{"line":27,"column":8},"end":{"line":27,"column":27}},"type":"binary-expr","locations":[{"start":{"line":27,"column":8},"end":{"line":27,"column":14}},{"start":{"line":27,"column":18},"end":{"line":27,"column":27}}],"line":27},"2":{"loc":{"start":{"line":39,"column":8},"end":{"line":46,"column":9}},"type":"if","locations":[{"start":{"line":39,"column":8},"end":{"line":46,"column":9}},{"start":{},"end":{}}],"line":39},"3":{"loc":{"start":{"line":48,"column":8},"end":{"line":53,"column":9}},"type":"if","locations":[{"start":{"line":48,"column":8},"end":{"line":53,"column":9}},{"start":{},"end":{}}],"line":48},"4":{"loc":{"start":{"line":62,"column":8},"end":{"line":67,"column":9}},"type":"if","locations":[{"start":{"line":62,"column":8},"end":{"line":67,"column":9}},{"start":{},"end":{}}],"line":62},"5":{"loc":{"start":{"line":76,"column":8},"end":{"line":81,"column":9}},"type":"if","locations":[{"start":{"line":76,"column":8},"end":{"line":81,"column":9}},{"start":{},"end":{}}],"line":76},"6":{"loc":{"start":{"line":115,"column":16},"end":{"line":115,"column":48}},"type":"binary-expr","locations":[{"start":{"line":115,"column":16},"end":{"line":115,"column":37}},{"start":{"line":115,"column":41},"end":{"line":115,"column":48}}],"line":115},"7":{"loc":{"start":{"line":148,"column":4},"end":{"line":153,"column":5}},"type":"if","locations":[{"start":{"line":148,"column":4},"end":{"line":153,"column":5}},{"start":{},"end":{}}],"line":148},"8":{"loc":{"start":{"line":160,"column":8},"end":{"line":167,"column":9}},"type":"if","locations":[{"start":{"line":160,"column":8},"end":{"line":167,"column":9}},{"start":{},"end":{}}],"line":160},"9":{"loc":{"start":{"line":169,"column":8},"end":{"line":174,"column":9}},"type":"if","locations":[{"start":{"line":169,"column":8},"end":{"line":174,"column":9}},{"start":{},"end":{}}],"line":169},"10":{"loc":{"start":{"line":198,"column":16},"end":{"line":205,"column":17}},"type":"if","locations":[{"start":{"line":198,"column":16},"end":{"line":205,"column":17}},{"start":{},"end":{}}],"line":198},"11":{"loc":{"start":{"line":251,"column":12},"end":{"line":258,"column":13}},"type":"if","locations":[{"start":{"line":251,"column":12},"end":{"line":258,"column":13}},{"start":{},"end":{}}],"line":251},"12":{"loc":{"start":{"line":260,"column":12},"end":{"line":265,"column":13}},"type":"if","locations":[{"start":{"line":260,"column":12},"end":{"line":265,"column":13}},{"start":{},"end":{}}],"line":260},"13":{"loc":{"start":{"line":287,"column":20},"end":{"line":294,"column":21}},"type":"if","locations":[{"start":{"line":287,"column":20},"end":{"line":294,"column":21}},{"start":{},"end":{}}],"line":287},"14":{"loc":{"start":{"line":309,"column":4},"end":{"line":321,"column":5}},"type":"if","locations":[{"start":{"line":309,"column":4},"end":{"line":321,"column":5}},{"start":{},"end":{}}],"line":309}},"s":{"0":5,"1":5,"2":5,"3":5,"4":0,"5":5,"6":7,"7":7,"8":7,"9":2,"10":5,"11":5,"12":5,"13":0,"14":0,"15":5,"16":2,"17":3,"18":3,"19":0,"20":3,"21":3,"22":1,"23":2,"24":2,"25":2,"26":2,"27":5,"28":0,"29":0,"30":0,"31":0,"32":0,"33":0,"34":0,"35":0,"36":0,"37":0,"38":0,"39":0,"40":0,"41":0,"42":0,"43":0,"44":0,"45":0,"46":0,"47":0,"48":5,"49":0,"50":5,"51":0,"52":0,"53":0,"54":0,"55":0,"56":0,"57":0,"58":0,"59":0,"60":0,"61":0,"62":0,"63":0,"64":0,"65":0,"66":0,"67":5,"68":1,"69":0,"70":0,"71":1,"72":1,"73":5},"f":{"0":0,"1":7,"2":5,"3":0,"4":0,"5":0,"6":0,"7":0,"8":0,"9":0,"10":1,"11":1},"b":{"0":[2,5],"1":[7,5],"2":[0,5],"3":[2,3],"4":[0,3],"5":[1,2],"6":[2,0],"7":[0,0],"8":[0,0],"9":[0,0],"10":[0,0],"11":[0,0],"12":[0,0],"13":[0,0],"14":[0,1]},"_coverageSchema":"1a1c01bbd47fc00a2c39e90264f33305004495a9","hash":"9f31b6b51ff616c1d1f5c1a76041b2c020c754a5"}
,"/home/s2209682-node/htdocs/s2209682n.ncgrp.xyz/Cloud/hospital-room-management/controllers/dashboardController.js": {"path":"/home/s2209682-node/htdocs/s2209682n.ncgrp.xyz/Cloud/hospital-room-management/controllers/dashboardController.js","statementMap":{"0":{"start":{"line":1,"column":11},"end":{"line":1,"column":34}},"1":{"start":{"line":3,"column":21},"end":{"line":448,"column":1}},"2":{"start":{"line":5,"column":26},"end":{"line":5,"column":28}},"3":{"start":{"line":11,"column":4},"end":{"line":447,"column":6}},"4":{"start":{"line":18,"column":12},"end":{"line":23,"column":13}},"5":{"start":{"line":20,"column":16},"end":{"line":20,"column":33}},"6":{"start":{"line":22,"column":16},"end":{"line":22,"column":74}},"7":{"start":{"line":25,"column":12},"end":{"line":26,"column":47}},"8":{"start":{"line":32,"column":12},"end":{"line":445,"column":14}},"9":{"start":{"line":39,"column":20},"end":{"line":44,"column":21}},"10":{"start":{"line":41,"column":24},"end":{"line":41,"column":41}},"11":{"start":{"line":43,"column":24},"end":{"line":43,"column":77}},"12":{"start":{"line":46,"column":20},"end":{"line":47,"column":54}},"13":{"start":{"line":53,"column":20},"end":{"line":443,"column":22}},"14":{"start":{"line":61,"column":28},"end":{"line":68,"column":29}},"15":{"start":{"line":63,"column":32},"end":{"line":63,"column":49}},"16":{"start":{"line":65,"column":32},"end":{"line":67,"column":34}},"17":{"start":{"line":70,"column":28},"end":{"line":71,"column":65}},"18":{"start":{"line":77,"column":28},"end":{"line":441,"column":30}},"19":{"start":{"line":85,"column":36},"end":{"line":90,"column":37}},"20":{"start":{"line":87,"column":40},"end":{"line":87,"column":57}},"21":{"start":{"line":89,"column":40},"end":{"line":89,"column":103}},"22":{"start":{"line":92,"column":36},"end":{"line":93,"column":69}},"23":{"start":{"line":99,"column":36},"end":{"line":439,"column":38}},"24":{"start":{"line":107,"column":44},"end":{"line":112,"column":45}},"25":{"start":{"line":109,"column":48},"end":{"line":109,"column":65}},"26":{"start":{"line":111,"column":48},"end":{"line":111,"column":110}},"27":{"start":{"line":114,"column":44},"end":{"line":115,"column":80}},"28":{"start":{"line":121,"column":44},"end":{"line":437,"column":46}},"29":{"start":{"line":129,"column":52},"end":{"line":134,"column":53}},"30":{"start":{"line":131,"column":56},"end":{"line":131,"column":73}},"31":{"start":{"line":133,"column":56},"end":{"line":133,"column":116}},"32":{"start":{"line":136,"column":52},"end":{"line":137,"column":94}},"33":{"start":{"line":143,"column":52},"end":{"line":435,"column":54}},"34":{"start":{"line":151,"column":60},"end":{"line":156,"column":61}},"35":{"start":{"line":153,"column":64},"end":{"line":153,"column":81}},"36":{"start":{"line":155,"column":64},"end":{"line":155,"column":122}},"37":{"start":{"line":158,"column":60},"end":{"line":159,"column":100}},"38":{"start":{"line":165,"column":60},"end":{"line":433,"column":62}},"39":{"start":{"line":175,"column":68},"end":{"line":180,"column":69}},"40":{"start":{"line":177,"column":72},"end":{"line":177,"column":89}},"41":{"start":{"line":179,"column":72},"end":{"line":179,"column":131}},"42":{"start":{"line":182,"column":83},"end":{"line":182,"column":84}},"43":{"start":{"line":183,"column":86},"end":{"line":183,"column":87}},"44":{"start":{"line":184,"column":84},"end":{"line":184,"column":85}},"45":{"start":{"line":186,"column":68},"end":{"line":208,"column":71}},"46":{"start":{"line":188,"column":72},"end":{"line":193,"column":73}},"47":{"start":{"line":192,"column":76},"end":{"line":192,"column":98}},"48":{"start":{"line":195,"column":72},"end":{"line":200,"column":73}},"49":{"start":{"line":199,"column":76},"end":{"line":199,"column":101}},"50":{"start":{"line":202,"column":72},"end":{"line":207,"column":73}},"51":{"start":{"line":206,"column":76},"end":{"line":206,"column":99}},"52":{"start":{"line":210,"column":68},"end":{"line":211,"column":81}},"53":{"start":{"line":213,"column":68},"end":{"line":214,"column":84}},"54":{"start":{"line":216,"column":68},"end":{"line":217,"column":82}},"55":{"start":{"line":223,"column":68},"end":{"line":431,"column":70}},"56":{"start":{"line":231,"column":76},"end":{"line":236,"column":77}},"57":{"start":{"line":233,"column":80},"end":{"line":233,"column":97}},"58":{"start":{"line":235,"column":80},"end":{"line":235,"column":146}},"59":{"start":{"line":238,"column":76},"end":{"line":239,"column":124}},"60":{"start":{"line":245,"column":76},"end":{"line":429,"column":78}},"61":{"start":{"line":253,"column":84},"end":{"line":258,"column":85}},"62":{"start":{"line":255,"column":88},"end":{"line":255,"column":105}},"63":{"start":{"line":257,"column":88},"end":{"line":257,"column":156}},"64":{"start":{"line":260,"column":84},"end":{"line":261,"column":138}},"65":{"start":{"line":267,"column":84},"end":{"line":278,"column":96}},"66":{"start":{"line":284,"column":108},"end":{"line":299,"column":85}},"67":{"start":{"line":301,"column":84},"end":{"line":427,"column":86}},"68":{"start":{"line":305,"column":92},"end":{"line":310,"column":93}},"69":{"start":{"line":307,"column":96},"end":{"line":307,"column":113}},"70":{"start":{"line":309,"column":96},"end":{"line":309,"column":161}},"71":{"start":{"line":312,"column":92},"end":{"line":313,"column":113}},"72":{"start":{"line":319,"column":116},"end":{"line":321,"column":93}},"73":{"start":{"line":324,"column":92},"end":{"line":331,"column":93}},"74":{"start":{"line":328,"column":96},"end":{"line":330,"column":98}},"75":{"start":{"line":333,"column":92},"end":{"line":342,"column":93}},"76":{"start":{"line":337,"column":96},"end":{"line":341,"column":98}},"77":{"start":{"line":344,"column":112},"end":{"line":355,"column":93}},"78":{"start":{"line":357,"column":92},"end":{"line":425,"column":94}},"79":{"start":{"line":361,"column":100},"end":{"line":366,"column":101}},"80":{"start":{"line":363,"column":104},"end":{"line":363,"column":121}},"81":{"start":{"line":365,"column":104},"end":{"line":365,"column":125}},"82":{"start":{"line":372,"column":124},"end":{"line":380,"column":101}},"83":{"start":{"line":382,"column":100},"end":{"line":423,"column":102}},"84":{"start":{"line":389,"column":108},"end":{"line":396,"column":109}},"85":{"start":{"line":391,"column":112},"end":{"line":391,"column":129}},"86":{"start":{"line":393,"column":112},"end":{"line":395,"column":114}},"87":{"start":{"line":398,"column":108},"end":{"line":399,"column":132}},"88":{"start":{"line":401,"column":108},"end":{"line":405,"column":121}},"89":{"start":{"line":404,"column":120},"end":{"line":404,"column":146}},"90":{"start":{"line":407,"column":108},"end":{"line":421,"column":110}},"91":{"start":{"line":450,"column":0},"end":{"line":452,"column":2}}},"fnMap":{"0":{"name":"(anonymous_0)","decl":{"start":{"line":3,"column":21},"end":{"line":3,"column":22}},"loc":{"start":{"line":3,"column":35},"end":{"line":448,"column":1}},"line":3},"1":{"name":"(anonymous_1)","decl":{"start":{"line":16,"column":8},"end":{"line":16,"column":9}},"loc":{"start":{"line":16,"column":32},"end":{"line":446,"column":9}},"line":16},"2":{"name":"(anonymous_2)","decl":{"start":{"line":37,"column":16},"end":{"line":37,"column":17}},"loc":{"start":{"line":37,"column":42},"end":{"line":444,"column":17}},"line":37},"3":{"name":"(anonymous_3)","decl":{"start":{"line":59,"column":24},"end":{"line":59,"column":25}},"loc":{"start":{"line":59,"column":52},"end":{"line":442,"column":25}},"line":59},"4":{"name":"(anonymous_4)","decl":{"start":{"line":83,"column":32},"end":{"line":83,"column":33}},"loc":{"start":{"line":83,"column":53},"end":{"line":440,"column":33}},"line":83},"5":{"name":"(anonymous_5)","decl":{"start":{"line":105,"column":40},"end":{"line":105,"column":41}},"loc":{"start":{"line":105,"column":65},"end":{"line":438,"column":41}},"line":105},"6":{"name":"(anonymous_6)","decl":{"start":{"line":127,"column":48},"end":{"line":127,"column":49}},"loc":{"start":{"line":127,"column":76},"end":{"line":436,"column":49}},"line":127},"7":{"name":"(anonymous_7)","decl":{"start":{"line":149,"column":56},"end":{"line":149,"column":57}},"loc":{"start":{"line":149,"column":81},"end":{"line":434,"column":57}},"line":149},"8":{"name":"(anonymous_8)","decl":{"start":{"line":173,"column":64},"end":{"line":173,"column":65}},"loc":{"start":{"line":173,"column":95},"end":{"line":432,"column":65}},"line":173},"9":{"name":"(anonymous_9)","decl":{"start":{"line":186,"column":97},"end":{"line":186,"column":98}},"loc":{"start":{"line":186,"column":105},"end":{"line":208,"column":69}},"line":186},"10":{"name":"(anonymous_10)","decl":{"start":{"line":229,"column":72},"end":{"line":229,"column":73}},"loc":{"start":{"line":229,"column":105},"end":{"line":430,"column":73}},"line":229},"11":{"name":"(anonymous_11)","decl":{"start":{"line":251,"column":80},"end":{"line":251,"column":81}},"loc":{"start":{"line":251,"column":116},"end":{"line":428,"column":81}},"line":251},"12":{"name":"(anonymous_12)","decl":{"start":{"line":303,"column":88},"end":{"line":303,"column":89}},"loc":{"start":{"line":303,"column":115},"end":{"line":426,"column":89}},"line":303},"13":{"name":"(anonymous_13)","decl":{"start":{"line":359,"column":96},"end":{"line":359,"column":97}},"loc":{"start":{"line":359,"column":122},"end":{"line":424,"column":97}},"line":359},"14":{"name":"(anonymous_14)","decl":{"start":{"line":387,"column":104},"end":{"line":387,"column":105}},"loc":{"start":{"line":387,"column":134},"end":{"line":422,"column":105}},"line":387},"15":{"name":"(anonymous_15)","decl":{"start":{"line":403,"column":116},"end":{"line":403,"column":117}},"loc":{"start":{"line":404,"column":120},"end":{"line":404,"column":146}},"line":404}},"branchMap":{"0":{"loc":{"start":{"line":18,"column":12},"end":{"line":23,"column":13}},"type":"if","locations":[{"start":{"line":18,"column":12},"end":{"line":23,"column":13}},{"start":{},"end":{}}],"line":18},"1":{"loc":{"start":{"line":39,"column":20},"end":{"line":44,"column":21}},"type":"if","locations":[{"start":{"line":39,"column":20},"end":{"line":44,"column":21}},{"start":{},"end":{}}],"line":39},"2":{"loc":{"start":{"line":61,"column":28},"end":{"line":68,"column":29}},"type":"if","locations":[{"start":{"line":61,"column":28},"end":{"line":68,"column":29}},{"start":{},"end":{}}],"line":61},"3":{"loc":{"start":{"line":85,"column":36},"end":{"line":90,"column":37}},"type":"if","locations":[{"start":{"line":85,"column":36},"end":{"line":90,"column":37}},{"start":{},"end":{}}],"line":85},"4":{"loc":{"start":{"line":107,"column":44},"end":{"line":112,"column":45}},"type":"if","locations":[{"start":{"line":107,"column":44},"end":{"line":112,"column":45}},{"start":{},"end":{}}],"line":107},"5":{"loc":{"start":{"line":129,"column":52},"end":{"line":134,"column":53}},"type":"if","locations":[{"start":{"line":129,"column":52},"end":{"line":134,"column":53}},{"start":{},"end":{}}],"line":129},"6":{"loc":{"start":{"line":151,"column":60},"end":{"line":156,"column":61}},"type":"if","locations":[{"start":{"line":151,"column":60},"end":{"line":156,"column":61}},{"start":{},"end":{}}],"line":151},"7":{"loc":{"start":{"line":175,"column":68},"end":{"line":180,"column":69}},"type":"if","locations":[{"start":{"line":175,"column":68},"end":{"line":180,"column":69}},{"start":{},"end":{}}],"line":175},"8":{"loc":{"start":{"line":188,"column":72},"end":{"line":193,"column":73}},"type":"if","locations":[{"start":{"line":188,"column":72},"end":{"line":193,"column":73}},{"start":{},"end":{}}],"line":188},"9":{"loc":{"start":{"line":195,"column":72},"end":{"line":200,"column":73}},"type":"if","locations":[{"start":{"line":195,"column":72},"end":{"line":200,"column":73}},{"start":{},"end":{}}],"line":195},"10":{"loc":{"start":{"line":202,"column":72},"end":{"line":207,"column":73}},"type":"if","locations":[{"start":{"line":202,"column":72},"end":{"line":207,"column":73}},{"start":{},"end":{}}],"line":202},"11":{"loc":{"start":{"line":231,"column":76},"end":{"line":236,"column":77}},"type":"if","locations":[{"start":{"line":231,"column":76},"end":{"line":236,"column":77}},{"start":{},"end":{}}],"line":231},"12":{"loc":{"start":{"line":253,"column":84},"end":{"line":258,"column":85}},"type":"if","locations":[{"start":{"line":253,"column":84},"end":{"line":258,"column":85}},{"start":{},"end":{}}],"line":253},"13":{"loc":{"start":{"line":269,"column":88},"end":{"line":278,"column":95}},"type":"cond-expr","locations":[{"start":{"line":271,"column":94},"end":{"line":276,"column":93}},{"start":{"line":278,"column":94},"end":{"line":278,"column":95}}],"line":269},"14":{"loc":{"start":{"line":305,"column":92},"end":{"line":310,"column":93}},"type":"if","locations":[{"start":{"line":305,"column":92},"end":{"line":310,"column":93}},{"start":{},"end":{}}],"line":305},"15":{"loc":{"start":{"line":324,"column":92},"end":{"line":331,"column":93}},"type":"if","locations":[{"start":{"line":324,"column":92},"end":{"line":331,"column":93}},{"start":{},"end":{}}],"line":324},"16":{"loc":{"start":{"line":333,"column":92},"end":{"line":342,"column":93}},"type":"if","locations":[{"start":{"line":333,"column":92},"end":{"line":342,"column":93}},{"start":{},"end":{}}],"line":333},"17":{"loc":{"start":{"line":361,"column":100},"end":{"line":366,"column":101}},"type":"if","locations":[{"start":{"line":361,"column":100},"end":{"line":366,"column":101}},{"start":{},"end":{}}],"line":361},"18":{"loc":{"start":{"line":385,"column":108},"end":{"line":385,"column":139}},"type":"binary-expr","locations":[{"start":{"line":385,"column":108},"end":{"line":385,"column":130}},{"start":{"line":385,"column":134},"end":{"line":385,"column":139}}],"line":385},"19":{"loc":{"start":{"line":389,"column":108},"end":{"line":396,"column":109}},"type":"if","locations":[{"start":{"line":389,"column":108},"end":{"line":396,"column":109}},{"start":{},"end":{}}],"line":389}},"s":{"0":5,"1":5,"2":1,"3":1,"4":1,"5":0,"6":0,"7":1,"8":1,"9":1,"10":0,"11":0,"12":1,"13":1,"14":1,"15":0,"16":0,"17":1,"18":1,"19":1,"20":0,"21":0,"22":1,"23":1,"24":1,"25":0,"26":0,"27":1,"28":1,"29":1,"30":0,"31":0,"32":1,"33":1,"34":1,"35":0,"36":0,"37":1,"38":1,"39":1,"40":0,"41":0,"42":1,"43":1,"44":1,"45":1,"46":3,"47":1,"48":3,"49":1,"50":3,"51":1,"52":1,"53":1,"54":1,"55":1,"56":1,"57":0,"58":0,"59":1,"60":1,"61":1,"62":0,"63":0,"64":1,"65":1,"66":1,"67":1,"68":1,"69":0,"70":0,"71":1,"72":1,"73":1,"74":0,"75":1,"76":0,"77":1,"78":1,"79":1,"80":0,"81":0,"82":1,"83":1,"84":1,"85":0,"86":0,"87":1,"88":1,"89":3,"90":1,"91":5},"f":{"0":1,"1":1,"2":1,"3":1,"4":1,"5":1,"6":1,"7":1,"8":1,"9":3,"10":1,"11":1,"12":1,"13":1,"14":1,"15":3},"b":{"0":[0,1],"1":[0,1],"2":[0,1],"3":[0,1],"4":[0,1],"5":[0,1],"6":[0,1],"7":[0,1],"8":[1,2],"9":[1,2],"10":[1,2],"11":[0,1],"12":[0,1],"13":[1,0],"14":[0,1],"15":[0,1],"16":[0,1],"17":[0,1],"18":[1,0],"19":[0,1]},"_coverageSchema":"1a1c01bbd47fc00a2c39e90264f33305004495a9","hash":"10d7e85f7fbf0f2c3ceec0a1e41a616226abb90c"}
,"/home/s2209682-node/htdocs/s2209682n.ncgrp.xyz/Cloud/hospital-room-management/controllers/exportController.js": {"path":"/home/s2209682-node/htdocs/s2209682n.ncgrp.xyz/Cloud/hospital-room-management/controllers/exportController.js","statementMap":{"0":{"start":{"line":1,"column":11},"end":{"line":1,"column":34}},"1":{"start":{"line":3,"column":13},"end":{"line":3,"column":28}},"2":{"start":{"line":5,"column":23},"end":{"line":50,"column":1}},"3":{"start":{"line":8,"column":8},"end":{"line":8,"column":32}},"4":{"start":{"line":10,"column":4},"end":{"line":49,"column":7}},"5":{"start":{"line":12,"column":8},"end":{"line":19,"column":9}},"6":{"start":{"line":14,"column":12},"end":{"line":14,"column":29}},"7":{"start":{"line":16,"column":12},"end":{"line":18,"column":14}},"8":{"start":{"line":22,"column":12},"end":{"line":22,"column":45}},"9":{"start":{"line":25,"column":12},"end":{"line":25,"column":33}},"10":{"start":{"line":27,"column":8},"end":{"line":31,"column":10}},"11":{"start":{"line":34,"column":12},"end":{"line":37,"column":14}},"12":{"start":{"line":39,"column":8},"end":{"line":42,"column":10}},"13":{"start":{"line":44,"column":8},"end":{"line":46,"column":10}},"14":{"start":{"line":48,"column":8},"end":{"line":48,"column":25}},"15":{"start":{"line":52,"column":20},"end":{"line":97,"column":1}},"16":{"start":{"line":55,"column":8},"end":{"line":55,"column":29}},"17":{"start":{"line":57,"column":4},"end":{"line":96,"column":7}},"18":{"start":{"line":59,"column":8},"end":{"line":66,"column":9}},"19":{"start":{"line":61,"column":12},"end":{"line":61,"column":29}},"20":{"start":{"line":63,"column":12},"end":{"line":65,"column":14}},"21":{"start":{"line":69,"column":12},"end":{"line":69,"column":45}},"22":{"start":{"line":72,"column":12},"end":{"line":72,"column":33}},"23":{"start":{"line":74,"column":8},"end":{"line":78,"column":10}},"24":{"start":{"line":81,"column":12},"end":{"line":84,"column":14}},"25":{"start":{"line":86,"column":8},"end":{"line":89,"column":10}},"26":{"start":{"line":91,"column":8},"end":{"line":93,"column":10}},"27":{"start":{"line":95,"column":8},"end":{"line":95,"column":25}},"28":{"start":{"line":99,"column":26},"end":{"line":157,"column":1}},"29":{"start":{"line":101,"column":16},"end":{"line":115,"column":5}},"30":{"start":{"line":117,"column":4},"end":{"line":156,"column":7}},"31":{"start":{"line":119,"column":8},"end":{"line":126,"column":9}},"32":{"start":{"line":121,"column":12},"end":{"line":121,"column":29}},"33":{"start":{"line":123,"column":12},"end":{"line":125,"column":14}},"34":{"start":{"line":129,"column":12},"end":{"line":129,"column":45}},"35":{"start":{"line":132,"column":12},"end":{"line":132,"column":33}},"36":{"start":{"line":134,"column":8},"end":{"line":138,"column":10}},"37":{"start":{"line":141,"column":12},"end":{"line":144,"column":14}},"38":{"start":{"line":146,"column":8},"end":{"line":149,"column":10}},"39":{"start":{"line":151,"column":8},"end":{"line":153,"column":10}},"40":{"start":{"line":155,"column":8},"end":{"line":155,"column":25}},"41":{"start":{"line":159,"column":0},"end":{"line":163,"column":2}}},"fnMap":{"0":{"name":"(anonymous_0)","decl":{"start":{"line":5,"column":23},"end":{"line":5,"column":24}},"loc":{"start":{"line":5,"column":37},"end":{"line":50,"column":1}},"line":5},"1":{"name":"(anonymous_1)","decl":{"start":{"line":10,"column":18},"end":{"line":10,"column":19}},"loc":{"start":{"line":10,"column":36},"end":{"line":49,"column":5}},"line":10},"2":{"name":"(anonymous_2)","decl":{"start":{"line":52,"column":20},"end":{"line":52,"column":21}},"loc":{"start":{"line":52,"column":34},"end":{"line":97,"column":1}},"line":52},"3":{"name":"(anonymous_3)","decl":{"start":{"line":57,"column":18},"end":{"line":57,"column":19}},"loc":{"start":{"line":57,"column":36},"end":{"line":96,"column":5}},"line":57},"4":{"name":"(anonymous_4)","decl":{"start":{"line":99,"column":26},"end":{"line":99,"column":27}},"loc":{"start":{"line":99,"column":40},"end":{"line":157,"column":1}},"line":99},"5":{"name":"(anonymous_5)","decl":{"start":{"line":117,"column":18},"end":{"line":117,"column":19}},"loc":{"start":{"line":117,"column":36},"end":{"line":156,"column":5}},"line":117}},"branchMap":{"0":{"loc":{"start":{"line":12,"column":8},"end":{"line":19,"column":9}},"type":"if","locations":[{"start":{"line":12,"column":8},"end":{"line":19,"column":9}},{"start":{},"end":{}}],"line":12},"1":{"loc":{"start":{"line":59,"column":8},"end":{"line":66,"column":9}},"type":"if","locations":[{"start":{"line":59,"column":8},"end":{"line":66,"column":9}},{"start":{},"end":{}}],"line":59},"2":{"loc":{"start":{"line":119,"column":8},"end":{"line":126,"column":9}},"type":"if","locations":[{"start":{"line":119,"column":8},"end":{"line":126,"column":9}},{"start":{},"end":{}}],"line":119}},"s":{"0":5,"1":5,"2":5,"3":0,"4":0,"5":0,"6":0,"7":0,"8":0,"9":0,"10":0,"11":0,"12":0,"13":0,"14":0,"15":5,"16":0,"17":0,"18":0,"19":0,"20":0,"21":0,"22":0,"23":0,"24":0,"25":0,"26":0,"27":0,"28":5,"29":0,"30":0,"31":0,"32":0,"33":0,"34":0,"35":0,"36":0,"37":0,"38":0,"39":0,"40":0,"41":5},"f":{"0":0,"1":0,"2":0,"3":0,"4":0,"5":0},"b":{"0":[0,0],"1":[0,0],"2":[0,0]},"_coverageSchema":"1a1c01bbd47fc00a2c39e90264f33305004495a9","hash":"cb3a4f0054bd4abcb7d0723536a4232e3e2b54ed"}
,"/home/s2209682-node/htdocs/s2209682n.ncgrp.xyz/Cloud/hospital-room-management/controllers/patientController.js": {"path":"/home/s2209682-node/htdocs/s2209682n.ncgrp.xyz/Cloud/hospital-room-management/controllers/patientController.js","statementMap":{"0":{"start":{"line":1,"column":11},"end":{"line":1,"column":34}},"1":{"start":{"line":4,"column":4},"end":{"line":4,"column":42}},"2":{"start":{"line":7,"column":4},"end":{"line":7,"column":38}},"3":{"start":{"line":16,"column":20},"end":{"line":176,"column":1}},"4":{"start":{"line":23,"column":8},"end":{"line":23,"column":30}},"5":{"start":{"line":28,"column":8},"end":{"line":28,"column":30}},"6":{"start":{"line":32,"column":8},"end":{"line":32,"column":37}},"7":{"start":{"line":34,"column":18},"end":{"line":34,"column":20}},"8":{"start":{"line":37,"column":8},"end":{"line":37,"column":26}},"9":{"start":{"line":46,"column":8},"end":{"line":46,"column":21}},"10":{"start":{"line":49,"column":21},"end":{"line":56,"column":5}},"11":{"start":{"line":58,"column":19},"end":{"line":64,"column":5}},"12":{"start":{"line":70,"column":4},"end":{"line":77,"column":5}},"13":{"start":{"line":72,"column":8},"end":{"line":74,"column":10}},"14":{"start":{"line":76,"column":8},"end":{"line":76,"column":28}},"15":{"start":{"line":79,"column":22},"end":{"line":86,"column":5}},"16":{"start":{"line":96,"column":21},"end":{"line":100,"column":5}},"17":{"start":{"line":106,"column":4},"end":{"line":175,"column":6}},"18":{"start":{"line":111,"column":12},"end":{"line":118,"column":13}},"19":{"start":{"line":113,"column":16},"end":{"line":113,"column":33}},"20":{"start":{"line":115,"column":16},"end":{"line":117,"column":18}},"21":{"start":{"line":121,"column":16},"end":{"line":121,"column":36}},"22":{"start":{"line":124,"column":16},"end":{"line":126,"column":17}},"23":{"start":{"line":132,"column":12},"end":{"line":173,"column":14}},"24":{"start":{"line":143,"column":20},"end":{"line":150,"column":21}},"25":{"start":{"line":145,"column":24},"end":{"line":145,"column":41}},"26":{"start":{"line":147,"column":24},"end":{"line":149,"column":26}},"27":{"start":{"line":153,"column":20},"end":{"line":170,"column":22}},"28":{"start":{"line":180,"column":27},"end":{"line":186,"column":1}},"29":{"start":{"line":182,"column":4},"end":{"line":185,"column":7}},"30":{"start":{"line":188,"column":22},"end":{"line":318,"column":1}},"31":{"start":{"line":199,"column":8},"end":{"line":199,"column":16}},"32":{"start":{"line":201,"column":16},"end":{"line":212,"column":5}},"33":{"start":{"line":214,"column":4},"end":{"line":317,"column":6}},"34":{"start":{"line":226,"column":12},"end":{"line":233,"column":13}},"35":{"start":{"line":228,"column":16},"end":{"line":228,"column":33}},"36":{"start":{"line":230,"column":16},"end":{"line":232,"column":18}},"37":{"start":{"line":241,"column":12},"end":{"line":250,"column":14}},"38":{"start":{"line":254,"column":12},"end":{"line":263,"column":14}},"39":{"start":{"line":269,"column":12},"end":{"line":278,"column":14}},"40":{"start":{"line":284,"column":12},"end":{"line":313,"column":13}},"41":{"start":{"line":290,"column":16},"end":{"line":299,"column":18}},"42":{"start":{"line":303,"column":16},"end":{"line":312,"column":18}},"43":{"start":{"line":315,"column":12},"end":{"line":315,"column":38}},"44":{"start":{"line":325,"column":22},"end":{"line":433,"column":1}},"45":{"start":{"line":328,"column":4},"end":{"line":344,"column":5}},"46":{"start":{"line":336,"column":8},"end":{"line":343,"column":10}},"47":{"start":{"line":348,"column":8},"end":{"line":348,"column":21}},"48":{"start":{"line":357,"column":21},"end":{"line":363,"column":5}},"49":{"start":{"line":367,"column":0},"end":{"line":432,"column":2}},"50":{"start":{"line":372,"column":8},"end":{"line":379,"column":9}},"51":{"start":{"line":374,"column":12},"end":{"line":374,"column":29}},"52":{"start":{"line":376,"column":12},"end":{"line":378,"column":14}},"53":{"start":{"line":381,"column":8},"end":{"line":386,"column":9}},"54":{"start":{"line":383,"column":12},"end":{"line":385,"column":14}},"55":{"start":{"line":392,"column":20},"end":{"line":395,"column":9}},"56":{"start":{"line":397,"column":8},"end":{"line":430,"column":10}},"57":{"start":{"line":402,"column":16},"end":{"line":409,"column":17}},"58":{"start":{"line":404,"column":20},"end":{"line":404,"column":37}},"59":{"start":{"line":406,"column":20},"end":{"line":408,"column":22}},"60":{"start":{"line":415,"column":16},"end":{"line":424,"column":18}},"61":{"start":{"line":428,"column":16},"end":{"line":428,"column":42}},"62":{"start":{"line":444,"column":28},"end":{"line":488,"column":1}},"63":{"start":{"line":447,"column":8},"end":{"line":447,"column":21}},"64":{"start":{"line":449,"column":16},"end":{"line":453,"column":5}},"65":{"start":{"line":455,"column":4},"end":{"line":487,"column":6}},"66":{"start":{"line":460,"column":12},"end":{"line":467,"column":13}},"67":{"start":{"line":462,"column":16},"end":{"line":462,"column":33}},"68":{"start":{"line":464,"column":16},"end":{"line":466,"column":18}},"69":{"start":{"line":469,"column":12},"end":{"line":474,"column":13}},"70":{"start":{"line":471,"column":16},"end":{"line":473,"column":18}},"71":{"start":{"line":476,"column":12},"end":{"line":485,"column":14}},"72":{"start":{"line":494,"column":22},"end":{"line":558,"column":1}},"73":{"start":{"line":497,"column":8},"end":{"line":497,"column":21}},"74":{"start":{"line":508,"column":8},"end":{"line":508,"column":16}},"75":{"start":{"line":510,"column":16},"end":{"line":520,"column":5}},"76":{"start":{"line":522,"column":4},"end":{"line":557,"column":6}},"77":{"start":{"line":535,"column":12},"end":{"line":542,"column":13}},"78":{"start":{"line":537,"column":16},"end":{"line":537,"column":33}},"79":{"start":{"line":539,"column":16},"end":{"line":541,"column":18}},"80":{"start":{"line":544,"column":12},"end":{"line":553,"column":14}},"81":{"start":{"line":555,"colu
[...]
line":293,"column":20},"end":{"line":295,"column":23}},"36":{"start":{"line":298,"column":16},"end":{"line":393,"column":18}},"37":{"start":{"line":302,"column":24},"end":{"line":309,"column":25}},"38":{"start":{"line":304,"column":28},"end":{"line":304,"column":45}},"39":{"start":{"line":306,"column":28},"end":{"line":308,"column":31}},"40":{"start":{"line":312,"column":24},"end":{"line":391,"column":26}},"41":{"start":{"line":316,"column":32},"end":{"line":323,"column":33}},"42":{"start":{"line":318,"column":36},"end":{"line":318,"column":53}},"43":{"start":{"line":320,"column":36},"end":{"line":322,"column":39}},"44":{"start":{"line":325,"column":32},"end":{"line":389,"column":34}},"45":{"start":{"line":329,"column":40},"end":{"line":336,"column":41}},"46":{"start":{"line":331,"column":44},"end":{"line":331,"column":61}},"47":{"start":{"line":333,"column":44},"end":{"line":335,"column":47}},"48":{"start":{"line":338,"column":40},"end":{"line":387,"column":42}},"49":{"start":{"line":342,"column":48},"end":{"line":349,"column":49}},"50":{"start":{"line":344,"column":52},"end":{"line":344,"column":69}},"51":{"start":{"line":346,"column":52},"end":{"line":348,"column":55}},"52":{"start":{"line":351,"column":48},"end":{"line":385,"column":50}},"53":{"start":{"line":355,"column":56},"end":{"line":362,"column":57}},"54":{"start":{"line":357,"column":60},"end":{"line":357,"column":77}},"55":{"start":{"line":359,"column":60},"end":{"line":361,"column":63}},"56":{"start":{"line":364,"column":56},"end":{"line":383,"column":59}},"57":{"start":{"line":399,"column":0},"end":{"line":399,"column":24}}},"fnMap":{"0":{"name":"(anonymous_0)","decl":{"start":{"line":9,"column":4},"end":{"line":9,"column":5}},"loc":{"start":{"line":9,"column":18},"end":{"line":211,"column":5}},"line":9},"1":{"name":"(anonymous_1)","decl":{"start":{"line":158,"column":12},"end":{"line":158,"column":13}},"loc":{"start":{"line":158,"column":31},"end":{"line":209,"column":13}},"line":158},"2":{"name":"(anonymous_2)","decl":{"start":{"line":172,"column":20},"end":{"line":172,"column":21}},"loc":{"start":{"line":172,"column":36},"end":{"line":207,"column":21}},"line":172},"3":{"name":"(anonymous_3)","decl":{"start":{"line":177,"column":28},"end":{"line":177,"column":29}},"loc":{"start":{"line":177,"column":50},"end":{"line":205,"column":29}},"line":177},"4":{"name":"(anonymous_4)","decl":{"start":{"line":182,"column":36},"end":{"line":182,"column":37}},"loc":{"start":{"line":182,"column":52},"end":{"line":203,"column":37}},"line":182},"5":{"name":"(anonymous_5)","decl":{"start":{"line":187,"column":44},"end":{"line":187,"column":45}},"loc":{"start":{"line":187,"column":68},"end":{"line":201,"column":45}},"line":187},"6":{"name":"(anonymous_6)","decl":{"start":{"line":220,"column":4},"end":{"line":220,"column":5}},"loc":{"start":{"line":220,"column":18},"end":{"line":396,"column":5}},"line":220},"7":{"name":"(anonymous_7)","decl":{"start":{"line":287,"column":12},"end":{"line":287,"column":13}},"loc":{"start":{"line":287,"column":37},"end":{"line":394,"column":13}},"line":287},"8":{"name":"(anonymous_8)","decl":{"start":{"line":300,"column":20},"end":{"line":300,"column":21}},"loc":{"start":{"line":300,"column":42},"end":{"line":392,"column":21}},"line":300},"9":{"name":"(anonymous_9)","decl":{"start":{"line":314,"column":28},"end":{"line":314,"column":29}},"loc":{"start":{"line":314,"column":55},"end":{"line":390,"column":29}},"line":314},"10":{"name":"(anonymous_10)","decl":{"start":{"line":327,"column":36},"end":{"line":327,"column":37}},"loc":{"start":{"line":327,"column":62},"end":{"line":388,"column":37}},"line":327},"11":{"name":"(anonymous_11)","decl":{"start":{"line":340,"column":44},"end":{"line":340,"column":45}},"loc":{"start":{"line":340,"column":70},"end":{"line":386,"column":45}},"line":340},"12":{"name":"(anonymous_12)","decl":{"start":{"line":353,"column":52},"end":{"line":353,"column":53}},"loc":{"start":{"line":353,"column":80},"end":{"line":384,"column":53}},"line":353}},"branchMap":{"0":{"loc":{"start":{"line":12,"column":12},"end":{"line":12,"column":34}},"type":"binary-expr","locations":[{"start":{"line":12,"column":12},"end":{"line":12,"column":28}},{"start":{"line":12,"column":32},"end":{"line":12,"column":34}}],"line":12},"1":{"loc":{"start":{"line":14,"column":8},"end":{"line":23,"column":9}},"type":"if","locations":[{"start":{"line":14,"column":8},"end":{"line":23,"column":9}},{"start":{},"end":{}}],"line":14},"2":{"loc":{"start":{"line":160,"column":16},"end":{"line":167,"column":17}},"type":"if","locations":[{"start":{"line":160,"column":16},"end":{"line":167,"column":17}},{"start":{},"end":{}}],"line":160},"3":{"loc":{"start":{"line":289,"column":16},"end":{"line":296,"column":17}},"type":"if","locations":[{"start":{"line":289,"column":16},"end":{"line":296,"column":17}},{"start":{},"end":{}}],"line":289},"4":{"loc":{"start":{"line":302,"column":24},"end":{"line":309,"column":25}},"type":"if","locations":[{"start":{"line":302,"column":24},"end":{"line":309,"column":25}},{"start":{},"end":{}}],"line":302},"5":{"loc":{"start":{"line":316,"column":32},"end":{"line":323,"column":33}},"type":"if","locations":[{"start":{"line":316,"column":32},"end":{"line":323,"column":33}},{"start":{},"end":{}}],"line":316},"6":{"loc":{"start":{"line":329,"column":40},"end":{"line":336,"column":41}},"type":"if","locations":[{"start":{"line":329,"column":40},"end":{"line":336,"column":41}},{"start":{},"end":{}}],"line":329},"7":{"loc":{"start":{"line":342,"column":48},"end":{"line":349,"column":49}},"type":"if","locations":[{"start":{"line":342,"column":48},"end":{"line":349,"column":49}},{"start":{},"end":{}}],"line":342},"8":{"loc":{"start":{"line":355,"column":56},"end":{"line":362,"column":57}},"type":"if","locations":[{"start":{"line":355,"column":56},"end":{"line":362,"column":57}},{"start":{},"end":{}}],"line":355}},"s":{"0":5,"1":5,"2":5,"3":5,"4":0,"5":0,"6":0,"7":0,"8":0,"9":0,"10":0,"11":0,"12":0,"13":0,"14":0,"15":0,"16":0,"17":0,"18":0,"19":0,"20":0,"21":0,"22":0,"23":0,"24":0,"25":5,"26":0,"27":0,"28":0,"29":0,"30":0,"31":0,"32":0,"33":0,"34":0,"35":0,"36":0,"37":0,"38":0,"39":0,"40":0,"41":0,"42":0,"43":0,"44":0,"45":0,"46":0,"47":0,"48":0,"49":0,"50":0,"51":0,"52":0,"53":0,"54":0,"55":0,"56":0,"57":5},"f":{"0":0,"1":0,"2":0,"3":0,"4":0,"5":0,"6":0,"7":0,"8":0,"9":0,"10":0,"11":0,"12":0},"b":{"0":[0,0],"1":[0,0],"2":[0,0],"3":[0,0],"4":[0,0],"5":[0,0],"6":[0,0],"7":[0,0],"8":[0,0]},"_coverageSchema":"1a1c01bbd47fc00a2c39e90264f33305004495a9","hash":"e5ab84a6cab9b29eb68d0c5235a700e64619fdd1"}
,"/home/s2209682-node/htdocs/s2209682n.ncgrp.xyz/Cloud/hospital-room-management/routes/notificationRoutes.js": {"path":"/home/s2209682-node/htdocs/s2209682n.ncgrp.xyz/Cloud/hospital-room-management/routes/notificationRoutes.js","statementMap":{"0":{"start":{"line":1,"column":16},"end":{"line":1,"column":34}},"1":{"start":{"line":3,"column":15},"end":{"line":3,"column":31}},"2":{"start":{"line":5,"column":11},"end":{"line":5,"column":34}},"3":{"start":{"line":11,"column":0},"end":{"line":40,"column":2}},"4":{"start":{"line":15,"column":20},"end":{"line":18,"column":9}},"5":{"start":{"line":20,"column":8},"end":{"line":38,"column":10}},"6":{"start":{"line":25,"column":16},"end":{"line":32,"column":17}},"7":{"start":{"line":27,"column":20},"end":{"line":27,"column":37}},"8":{"start":{"line":29,"column":20},"end":{"line":31,"column":23}},"9":{"start":{"line":34,"column":16},"end":{"line":36,"column":19}},"10":{"start":{"line":46,"column":0},"end":{"line":79,"column":2}},"11":{"start":{"line":50,"column":20},"end":{"line":55,"column":9}},"12":{"start":{"line":57,"column":8},"end":{"line":77,"column":10}},"13":{"start":{"line":64,"column":16},"end":{"line":71,"column":17}},"14":{"start":{"line":66,"column":20},"end":{"line":66,"column":37}},"15":{"start":{"line":68,"column":20},"end":{"line":70,"column":23}},"16":{"start":{"line":73,"column":16},"end":{"line":75,"column":19}},"17":{"start":{"line":81,"column":0},"end":{"line":81,"column":24}}},"fnMap":{"0":{"name":"(anonymous_0)","decl":{"start":{"line":13,"column":4},"end":{"line":13,"column":5}},"loc":{"start":{"line":13,"column":18},"end":{"line":39,"column":5}},"line":13},"1":{"name":"(anonymous_1)","decl":{"start":{"line":23,"column":12},"end":{"line":23,"column":13}},"loc":{"start":{"line":23,"column":21},"end":{"line":37,"column":13}},"line":23},"2":{"name":"(anonymous_2)","decl":{"start":{"line":48,"column":4},"end":{"line":48,"column":5}},"loc":{"start":{"line":48,"column":18},"end":{"line":78,"column":5}},"line":48},"3":{"name":"(anonymous_3)","decl":{"start":{"line":62,"column":12},"end":{"line":62,"column":13}},"loc":{"start":{"line":62,"column":21},"end":{"line":76,"column":13}},"line":62}},"branchMap":{"0":{"loc":{"start":{"line":25,"column":16},"end":{"line":32,"column":17}},"type":"if","locations":[{"start":{"line":25,"column":16},"end":{"line":32,"column":17}},{"start":{},"end":{}}],"line":25},"1":{"loc":{"start":{"line":64,"column":16},"end":{"line":71,"column":17}},"type":"if","locations":[{"start":{"line":64,"column":16},"end":{"line":71,"column":17}},{"start":{},"end":{}}],"line":64}},"s":{"0":5,"1":5,"2":5,"3":5,"4":0,"5":0,"6":0,"7":0,"8":0,"9":0,"10":5,"11":0,"12":0,"13":0,"14":0,"15":0,"16":0,"17":5},"f":{"0":0,"1":0,"2":0,"3":0},"b":{"0":[0,0],"1":[0,0]},"_coverageSchema":"1a1c01bbd47fc00a2c39e90264f33305004495a9","hash":"8f3d98426b0b82a85e1e019dbe28102570547a42"}
,"/home/s2209682-node/htdocs/s2209682n.ncgrp.xyz/Cloud/hospital-room-management/routes/patientRoutes.js": {"path":"/home/s2209682-node/htdocs/s2209682n.ncgrp.xyz/Cloud/hospital-room-management/routes/patientRoutes.js","statementMap":{"0":{"start":{"line":1,"column":16},"end":{"line":1,"column":34}},"1":{"start":{"line":3,"column":15},"end":{"line":3,"column":31}},"2":{"start":{"line":11,"column":4},"end":{"line":11,"column":43}},"3":{"start":{"line":22,"column":4},"end":{"line":22,"column":43}},"4":{"start":{"line":41,"column":4},"end":{"line":41,"column":47}},"5":{"start":{"line":49,"column":0},"end":{"line":54,"column":2}},"6":{"start":{"line":56,"column":0},"end":{"line":61,"column":2}},"7":{"start":{"line":63,"column":0},"end":{"line":68,"column":2}},"8":{"start":{"line":71,"column":0},"end":{"line":76,"column":2}},"9":{"start":{"line":78,"column":0},"end":{"line":83,"column":2}},"10":{"start":{"line":85,"column":0},"end":{"line":90,"column":2}},"11":{"start":{"line":92,"column":0},"end":{"line":92,"column":24}}},"fnMap":{},"branchMap":{},"s":{"0":5,"1":5,"2":5,"3":5,"4":5,"5":5,"6":5,"7":5,"8":5,"9":5,"10":5,"11":5},"f":{},"b":{},"_coverageSchema":"1a1c01bbd47fc00a2c39e90264f33305004495a9","hash":"18994d9c25b4dbaf804f9bfbf384e5204a618799"}
,"/home/s2209682-node/htdocs/s2209682n.ncgrp.xyz/Cloud/hospital-room-management/routes/profileRoutes.js": {"path":"/home/s2209682-node/htdocs/s2209682n.ncgrp.xyz/Cloud/hospital-room-management/routes/profileRoutes.js","statementMap":{"0":{"start":{"line":1,"column":16},"end":{"line":1,"column":34}},"1":{"start":{"line":3,"column":15},"end":{"line":3,"column":31}},"2":{"start":{"line":6,"column":4},"end":{"line":6,"column":31}},"3":{"start":{"line":10,"column":4},"end":{"line":10,"column":43}},"4":{"start":{"line":30,"column":4},"end":{"line":30,"column":47}},"5":{"start":{"line":36,"column":0},"end":{"line":40,"column":2}},"6":{"start":{"line":42,"column":0},"end":{"line":46,"column":2}},"7":{"start":{"line":48,"column":0},"end":{"line":52,"column":2}},"8":{"start":{"line":58,"column":0},"end":{"line":62,"column":2}},"9":{"start":{"line":64,"column":0},"end":{"line":68,"column":2}},"10":{"start":{"line":70,"column":0},"end":{"line":74,"column":2}},"11":{"start":{"line":80,"column":0},"end":{"line":83,"column":2}},"12":{"start":{"line":89,"column":0},"end":{"line":94,"column":2}},"13":{"start":{"line":96,"column":0},"end":{"line":96,"column":24}}},"fnMap":{},"branchMap":{},"s":{"0":5,"1":5,"2":5,"3":5,"4":5,"5":5,"6":5,"7":5,"8":5,"9":5,"10":5,"11":5,"12":5,"13":5},"f":{},"b":{},"_coverageSchema":"1a1c01bbd47fc00a2c39e90264f33305004495a9","hash":"6b1d4a5c6b7f1d910aa81e2b5d414002cd04ad41"}
,"/home/s2209682-node/htdocs/s2209682n.ncgrp.xyz/Cloud/hospital-room-management/routes/reportRoutes.js": {"path":"/home/s2209682-node/htdocs/s2209682n.ncgrp.xyz/Cloud/hospital-room-management/routes/reportRoutes.js","statementMap":{"0":{"start":{"line":1,"column":16},"end":{"line":1,"column":34}},"1":{"start":{"line":3,"column":15},"end":{"line":3,"column":31}},"2":{"start":{"line":13,"column":4},"end":{"line":13,"column":43}},"3":{"start":{"line":23,"column":4},"end":{"line":23,"column":46}},"4":{"start":{"line":29,"column":0},"end":{"line":33,"column":2}},"5":{"start":{"line":35,"column":0},"end":{"line":35,"column":24}}},"fnMap":{},"branchMap":{},"s":{"0":5,"1":5,"2":5,"3":5,"4":5,"5":5},"f":{},"b":{},"_coverageSchema":"1a1c01bbd47fc00a2c39e90264f33305004495a9","hash":"bf1a040a0d6d2dfe953e4cd5f70c5bc41a8dbaac"}
,"/home/s2209682-node/htdocs/s2209682n.ncgrp.xyz/Cloud/hospital-room-management/routes/roomRoutes.js": {"path":"/home/s2209682-node/htdocs/s2209682n.ncgrp.xyz/Cloud/hospital-room-management/routes/roomRoutes.js","statementMap":{"0":{"start":{"line":1,"column":16},"end":{"line":1,"column":34}},"1":{"start":{"line":3,"column":15},"end":{"line":3,"column":31}},"2":{"start":{"line":11,"column":4},"end":{"line":11,"column":43}},"3":{"start":{"line":22,"column":4},"end":{"line":22,"column":43}},"4":{"start":{"line":37,"column":4},"end":{"line":37,"column":44}},"5":{"start":{"line":43,"column":0},"end":{"line":48,"column":2}},"6":{"start":{"line":50,"column":0},"end":{"line":55,"column":2}},"7":{"start":{"line":57,"column":0},"end":{"line":62,"column":2}},"8":{"start":{"line":65,"column":0},"end":{"line":70,"column":2}},"9":{"start":{"line":72,"column":0},"end":{"line":77,"column":2}},"10":{"start":{"line":81,"column":0},"end":{"line":86,"column":2}},"11":{"start":{"line":88,"column":0},"end":{"line":88,"column":24}}},"fnMap":{},"branchMap":{},"s":{"0":5,"1":5,"2":5,"3":5,"4":5,"5":5,"6":5,"7":5,"8":5,"9":5,"10":5,"11":5},"f":{},"b":{},"_coverageSchema":"1a1c01bbd47fc00a2c39e90264f33305004495a9","hash":"05692587ee299f174688a835154c1efc50814d31"}
,"/home/s2209682-node/htdocs/s2209682n.ncgrp.xyz/Cloud/hospital-room-management/routes/userRoutes.js": {"path":"/home/s2209682-node/htdocs/s2209682n.ncgrp.xyz/Cloud/hospital-room-management/routes/userRoutes.js","statementMap":{"0":{"start":{"line":1,"column":16},"end":{"line":1,"column":34}},"1":{"start":{"line":3,"column":15},"end":{"line":3,"column":31}},"2":{"start":{"line":13,"column":4},"end":{"line":13,"column":43}},"3":{"start":{"line":19,"column":0},"end":{"line":19,"column":25}},"4":{"start":{"line":32,"column":4},"end":{"line":32,"column":44}},"5":{"start":{"line":37,"column":0},"end":{"line":40,"column":2}},"6":{"start":{"line":43,"column":0},"end":{"line":46,"column":2}},"7":{"start":{"line":48,"column":0},"end":{"line":51,"column":2}},"8":{"start":{"line":54,"column":0},"end":{"line":57,"column":2}},"9":{"start":{"line":59,"column":0},"end":{"line":59,"column":24}}},"fnMap":{},"branchMap":{},"s":{"0":5,"1":5,"2":5,"3":5,"4":5,"5":5,"6":5,"7":5,"8":5,"9":5},"f":{},"b":{},"_coverageSchema":"1a1c01bbd47fc00a2c39e90264f33305004495a9","hash":"84094214ac70148ee96a16a192bc59a8087b30d4"}
,"/home/s2209682-node/htdocs/s2209682n.ncgrp.xyz/Cloud/hospital-room-management/utils/createActivity.js": {"path":"/home/s2209682-node/htdocs/s2209682n.ncgrp.xyz/Cloud/hospital-room-management/utils/createActivity.js","statementMap":{"0":{"start":{"line":1,"column":11},"end":{"line":1,"column":34}},"1":{"start":{"line":3,"column":23},"end":{"line":39,"column":1}},"2":{"start":{"line":12,"column":16},"end":{"line":21,"column":5}},"3":{"start":{"line":23,"column":4},"end":{"line":38,"column":6}},"4":{"start":{"line":33,"column":12},"end":{"line":36,"column":13}},"5":{"start":{"line":35,"column":16},"end":{"line":35,"column":33}},"6":{"start":{"line":41,"column":0},"end":{"line":41,"column":32}}},"fnMap":{"0":{"name":"(anonymous_0)","decl":{"start":{"line":3,"column":23},"end":{"line":3,"column":24}},"loc":{"start":{"line":10,"column":5},"end":{"line":39,"column":1}},"line":10},"1":{"name":"(anonymous_1)","decl":{"start":{"line":31,"column":8},"end":{"line":31,"column":9}},"loc":{"start":{"line":31,"column":17},"end":{"line":37,"column":9}},"line":31}},"branchMap":{"0":{"loc":{"start":{"line":8,"column":4},"end":{"line":8,"column":22}},"type":"default-arg","locations":[{"start":{"line":8,"column":17},"end":{"line":8,"column":22}}],"line":8},"1":{"loc":{"start":{"line":33,"column":12},"end":{"line":36,"column":13}},"type":"if","locations":[{"start":{"line":33,"column":12},"end":{"line":36,"column":13}},{"start":{},"end":{}}],"line":33}},"s":{"0":5,"1":5,"2":0,"3":0,"4":0,"5":0,"6":5},"f":{"0":0,"1":0},"b":{"0":[0],"1":[0,0]},"_coverageSchema":"1a1c01bbd47fc00a2c39e90264f33305004495a9","hash":"1b86f15c0f4842c61851cb7fe52475ed1f248d0a"}
,"/home/s2209682-node/htdocs/s2209682n.ncgrp.xyz/Cloud/hospital-room-management/utils/createNotification.js": {"path":"/home/s2209682-node/htdocs/s2209682n.ncgrp.xyz/Cloud/hospital-room-management/utils/createNotification.js","statementMap":{"0":{"start":{"line":1,"column":11},"end":{"line":1,"column":34}},"1":{"start":{"line":3,"column":27},"end":{"line":83,"column":1}},"2":{"start":{"line":16,"column":30},"end":{"line":23,"column":5}},"3":{"start":{"line":25,"column":4},"end":{"line":82,"column":6}},"4":{"start":{"line":34,"column":12},"end":{"line":39,"column":13}},"5":{"start":{"line":36,"column":16},"end":{"line":36,"column":33}},"6":{"start":{"line":38,"column":16},"end":{"line":38,"column":23}},"7":{"start":{"line":45,"column":12},"end":{"line":48,"column":13}},"8":{"start":{"line":47,"column":16},"end":{"line":47,"column":23}},"9":{"start":{"line":54,"column":24},"end":{"line":63,"column":13}},"10":{"start":{"line":65,"column":12},"end":{"line":80,"column":14}},"11":{"start":{"line":75,"column":20},"end":{"line":78,"column":21}},"12":{"start":{"line":77,"column":24},"end":{"line":77,"column":41}},"13":{"start":{"line":85,"column":0},"end":{"line":85,"column":36}}},"fnMap":{"0":{"name":"(anonymous_0)","decl":{"start":{"line":3,"column":27},"end":{"line":3,"column":28}},"loc":{"start":{"line":10,"column":5},"end":{"line":83,"column":1}},"line":10},"1":{"name":"(anonymous_1)","decl":{"start":{"line":32,"column":8},"end":{"line":32,"column":9}},"loc":{"start":{"line":32,"column":26},"end":{"line":81,"column":9}},"line":32},"2":{"name":"(anonymous_2)","decl":{"start":{"line":73,"column":16},"end":{"line":73,"column":17}},"loc":{"start":{"line":73,"column":25},"end":{"line":79,"column":17}},"line":73}},"branchMap":{"0":{"loc":{"start":{"line":7,"column":4},"end":{"line":7,"column":17}},"type":"default-arg","locations":[{"start":{"line":7,"column":11},"end":{"line":7,"column":17}}],"line":7},"1":{"loc":{"start":{"line":8,"column":4},"end":{"line":8,"column":22}},"type":"default-arg","locations":[{"start":{"line":8,"column":17},"end":{"line":8,"column":22}}],"line":8},"2":{"loc":{"start":{"line":34,"column":12},"end":{"line":39,"column":13}},"type":"if","locations":[{"start":{"line":34,"column":12},"end":{"line":39,"column":13}},{"start":{},"end":{}}],"line":34},"3":{"loc":{"start":{"line":45,"column":12},"end":{"line":48,"column":13}},"type":"if","locations":[{"start":{"line":45,"column":12},"end":{"line":48,"column":13}},{"start":{},"end":{}}],"line":45},"4":{"loc":{"start":{"line":75,"column":20},"end":{"line":78,"column":21}},"type":"if","locations":[{"start":{"line":75,"column":20},"end":{"line":78,"column":21}},{"start":{},"end":{}}],"line":75}},"s":{"0":5,"1":5,"2":0,"3":0,"4":0,"5":0,"6":0,"7":0,"8":0,"9":0,"10":0,"11":0,"12":0,"13":5},"f":{"0":0,"1":0,"2":0},"b":{"0":[0],"1":[0],"2":[0,0],"3":[0,0],"4":[0,0]},"_coverageSchema":"1a1c01bbd47fc00a2c39e90264f33305004495a9","hash":"e8a4eb34d0234c8151ef3d7152f08cecfadb49c6"}
}
