TN:
SF:app.js
FN:108,(anonymous_0)
FN:136,(anonymous_1)
FN:225,(anonymous_2)
FN:276,(anonymous_3)
FN:285,(anonymous_4)
FNF:5
FNH:2
FNDA:20,(anonymous_0)
FNDA:1,(anonymous_1)
FNDA:0,(anonymous_2)
FNDA:0,(anonymous_3)
FNDA:0,(anonymous_4)
DA:1,5
DA:2,5
DA:4,5
DA:6,5
DA:7,5
DA:8,5
DA:9,5
DA:12,5
DA:17,5
DA:25,5
DA:34,5
DA:41,5
DA:44,5
DA:47,5
DA:50,5
DA:53,5
DA:56,5
DA:59,5
DA:63,5
DA:70,5
DA:72,5
DA:77,5
DA:78,5
DA:83,5
DA:89,5
DA:95,5
DA:108,5
DA:110,20
DA:113,20
DA:115,19
DA:117,19
DA:121,1
DA:123,1
DA:133,1
DA:138,1
DA:140,0
DA:142,0
DA:144,0
DA:147,1
DA:150,1
DA:168,5
DA:178,5
DA:189,5
DA:191,5
DA:193,5
DA:195,5
DA:197,5
DA:199,5
DA:201,5
DA:204,5
DA:209,5
DA:215,5
DA:225,5
DA:227,0
DA:231,0
DA:236,0
DA:252,0
DA:276,5
DA:278,0
DA:285,5
DA:287,0
DA:298,5
LF:62
LH:53
BRDA:111,0,0,20
BRDA:111,0,1,19
BRDA:113,1,0,19
BRDA:113,1,1,1
BRDA:138,2,0,0
BRDA:138,2,1,1
BRDA:231,3,0,0
BRDA:231,3,1,0
BRDA:232,4,0,0
BRDA:232,4,1,0
BRF:10
BRH:5
end_of_record
TN:
SF:config/db.js
FN:15,(anonymous_0)
FNF:1
FNH:1
FNDA:5,(anonymous_0)
DA:1,5
DA:2,5
DA:4,5
DA:15,5
DA:16,5
DA:17,0
DA:18,0
DA:21,5
DA:23,5
DA:26,5
LF:10
LH:8
BRDA:9,0,0,5
BRDA:9,0,1,0
BRDA:16,1,0,0
BRDA:16,1,1,5
BRF:4
BRH:2
end_of_record
TN:
SF:config/multer.js
FN:10,(anonymous_0)
FN:15,(anonymous_1)
FN:29,(anonymous_2)
FNF:3
FNH:0
FNDA:0,(anonymous_0)
FNDA:0,(anonymous_1)
FNDA:0,(anonymous_2)
DA:1,5
DA:2,5
DA:8,5
DA:12,0
DA:18,0
DA:21,0
DA:29,5
DA:31,0
DA:38,0
DA:46,0
DA:51,0
DA:56,0
DA:60,0
DA:65,0
DA:68,0
DA:79,5
DA:90,5
LF:17
LH:6
BRDA:60,0,0,0
BRDA:60,0,1,0
BRDA:61,1,0,0
BRDA:61,1,1,0
BRF:4
BRH:0
end_of_record
TN:
SF:controllers/assignmentController.js
FN:11,(anonymous_0)
FN:100,(anonymous_1)
FN:153,(anonymous_2)
FN:195,(anonymous_3)
FN:211,(anonymous_4)
FN:222,(anonymous_5)
FN:247,(anonymous_6)
FN:268,(anonymous_7)
FN:299,(anonymous_8)
FN:357,(anonymous_9)
FN:414,(anonymous_10)
FN:487,(anonymous_11)
FN:501,(anonymous_12)
FN:563,(anonymous_13)
FN:576,(anonymous_14)
FN:619,(anonymous_15)
FN:645,(anonymous_16)
FN:721,(anonymous_17)
FN:771,(anonymous_18)
FN:791,(anonymous_19)
FN:804,(anonymous_20)
FN:841,(anonymous_21)
FN:860,(anonymous_22)
FN:957,(anonymous_23)
FN:989,(anonymous_24)
FN:1028,(anonymous_25)
FN:1042,(anonymous_26)
FN:1067,(anonymous_27)
FN:1097,(anonymous_28)
FN:1142,(anonymous_29)
FN:1160,(anonymous_30)
FNF:31
FNH:0
FNDA:0,(anonymous_0)
FNDA:0,(anonymous_1)
FNDA:0,(anonymous_2)
FNDA:0,(anonymous_3)
FNDA:0,(anonymous_4)
FNDA:0,(anonymous_5)
FNDA:0,(anonymous_6)
FNDA:0,(anonymous_7)
FNDA:0,(anonymous_8)
FNDA:0,(anonymous_9)
FNDA:0,(anonymous_10)
FNDA:0,(anonymous_11)
FNDA:0,(anonymous_12)
FNDA:0,(anonymous_13)
FNDA:0,(anonymous_14)
FNDA:0,(anonymous_15)
FNDA:0,(anonymous_16)
FNDA:0,(anonymous_17)
FNDA:0,(anonymous_18)
FNDA:0,(anonymous_19)
FNDA:0,(anonymous_20)
FNDA:0,(anonymous_21)
FNDA:0,(anonymous_22)
FNDA:0,(anonymous_23)
FNDA:0,(anonymous_24)
FNDA:0,(anonymous_25)
FNDA:0,(anonymous_26)
FNDA:0,(anonymous_27)
FNDA:0,(anonymous_28)
FNDA:0,(anonymous_29)
FNDA:0,(anonymous_30)
DA:1,5
DA:4,5
DA:7,5
DA:11,5
DA:18,0
DA:21,0
DA:24,0
DA:27,0
DA:29,0
DA:32,0
DA:38,0
DA:39,0
DA:41,0
DA:43,0
DA:50,0
DA:56,0
DA:58,0
DA:62,0
DA:65,0
DA:67,0
DA:71,0
DA:79,0
DA:87,0
DA:97,0
DA:102,0
DA:104,0
DA:106,0
DA:112,0
DA:115,0
DA:123,0
DA:146,0
DA:155,0
DA:157,0
DA:159,0
DA:164,0
DA:195,5
DA:198,0
DA:203,0
DA:211,0
DA:213,0
DA:215,0
DA:217,0
DA:222,0
DA:224,0
DA:226,0
DA:228,0
DA:233,0
DA:247,5
DA:252,0
DA:258,0
DA:265,0
DA:270,0
DA:272,0
DA:274,0
DA:279,0
DA:281,0
DA:290,0
DA:296,0
DA:301,0
DA:303,0
DA:305,0
DA:310,0
DA:312,0
DA:318,0
DA:324,0
DA:329,0
DA:338,0
DA:349,0
DA:359,0
DA:361,0
DA:363,0
DA:373,0
DA:376,0
DA:379,0
DA:381,0
DA:385,0
DA:391,0
DA:406,0
DA:416,0
DA:418,0
DA:420,0
DA:429,0
DA:440,0
DA:455,0
DA:466,0
DA:487,5
DA:490,0
DA:492,0
DA:498,0
DA:503,0
DA:505,0
DA:507,0
DA:512,0
DA:516,0
DA:522,0
DA:528,0
DA:537,0
DA:561,0
DA:565,0
DA:567,0
DA:569,0
DA:574,0
DA:578,0
DA:580,0
DA:582,0
DA:587,0
DA:619,5
DA:622,0
DA:630,0
DA:636,0
DA:642,0
DA:647,0
DA:649,0
DA:651,0
DA:656,0
DA:660,0
DA:666,0
DA:672,0
DA:681,0
DA:704,0
DA:713,0
DA:723,0
DA:725,0
DA:727,0
DA:732,0
DA:743,0
DA:754,0
DA:771,5
DA:774,0
DA:776,0
DA:782,0
DA:788,0
DA:793,0
DA:795,0
DA:797,0
DA:802,0
DA:806,0
DA:808,0
DA:810,0
DA:816,0
DA:841,5
DA:845,0
DA:849,0
DA:851,0
DA:857,0
DA:862,0
DA:864,0
DA:866,0
DA:872,0
DA:876,0
DA:883,0
DA:886,0
DA:895,0
DA:900,0
DA:950,0
DA:959,0
DA:961,0
DA:963,0
DA:974,0
DA:991,0
DA:993,0
DA:995,0
DA:1004,0
DA:1007,0
DA:1010,0
DA:1028,5
DA:1031,0
DA:1033,0
DA:1039,0
DA:1044,0
DA:1046,0
DA:1048,0
DA:1054,0
DA:1060,0
DA:1069,0
DA:1071,0
DA:1073,0
DA:1082,0
DA:1099,0
DA:1101,0
DA:1103,0
DA:1108,0
DA:1119,0
DA:1130,0
DA:1142,5
DA:1150,0
DA:1157,0
DA:1162,0
DA:1164,0
DA:1167,0
DA:1176,5
LF:191
LH:13
BRDA:18,0,0,0
BRDA:18,0,1,0
BRDA:21,1,0,0
BRDA:21,1,1,0
BRDA:24,2,0,0
BRDA:24,2,1,0
BRDA:27,3,0,0
BRDA:27,3,1,0
BRDA:41,4,0,0
BRDA:41,4,1,0
BRDA:56,5,0,0
BRDA:56,5,1,0
BRDA:65,6,0,0
BRDA:65,6,1,0
BRDA:79,7,0,0
BRDA:79,7,1,0
BRDA:102,8,0,0
BRDA:102,8,1,0
BRDA:155,9,0,0
BRDA:155,9,1,0
BRDA:213,10,0,0
BRDA:213,10,1,0
BRDA:224,11,0,0
BRDA:224,11,1,0
BRDA:270,12,0,0
BRDA:270,12,1,0
BRDA:279,13,0,0
BRDA:279,13,1,0
BRDA:301,14,0,0
BRDA:301,14,1,0
BRDA:310,15,0,0
BRDA:310,15,1,0
BRDA:324,16,0,0
BRDA:324,16,1,0
BRDA:359,17,0,0
BRDA:359,17,1,0
BRDA:381,18,0,0
BRDA:381,18,1,0
BRDA:416,19,0,0
BRDA:416,19,1,0
BRDA:503,20,0,0
BRDA:503,20,1,0
BRDA:512,21,0,0
BRDA:512,21,1,0
BRDA:528,22,0,0
BRDA:528,22,1,0
BRDA:530,23,0,0
BRDA:530,23,1,0
BRDA:565,24,0,0
BRDA:565,24,1,0
BRDA:578,25,0,0
BRDA:578,25,1,0
BRDA:647,26,0,0
BRDA:647,26,1,0
BRDA:656,27,0,0
BRDA:656,27,1,0
BRDA:672,28,0,0
BRDA:672,28,1,0
BRDA:674,29,0,0
BRDA:674,29,1,0
BRDA:723,30,0,0
BRDA:723,30,1,0
BRDA:793,31,0,0
BRDA:793,31,1,0
BRDA:806,32,0,0
BRDA:806,32,1,0
BRDA:862,33,0,0
BRDA:862,33,1,0
BRDA:872,34,0,0
BRDA:872,34,1,0
BRDA:895,35,0,0
BRDA:895,35,1,0
BRDA:959,36,0,0
BRDA:959,36,1,0
BRDA:991,37,0,0
BRDA:991,37,1,0
BRDA:1044,38,0,0
BRDA:1044,38,1,0
BRDA:1069,39,0,0
BRDA:1069,39,1,0
BRDA:1099,40,0,0
BRDA:1099,40,1,0
BRDA:1162,41,0,0
BRDA:1162,41,1,0
BRF:84
BRH:0
end_of_record
TN:
SF:controllers/authController.js
FN:5,(anonymous_0)
FN:16,(anonymous_1)
FN:37,(anonymous_2)
FN:141,(anonymous_3)
FN:158,(anonymous_4)
FN:196,(anonymous_5)
FN:223,(anonymous_6)
FN:233,(anonymous_7)
FN:249,(anonymous_8)
FN:285,(anonymous_9)
FN:307,(anonymous_10)
FN:323,(anonymous_11)
FNF:12
FNH:4
FNDA:0,(anonymous_0)
FNDA:7,(anonymous_1)
FNDA:5,(anonymous_2)
FNDA:0,(anonymous_3)
FNDA:0,(anonymous_4)
FNDA:0,(anonymous_5)
FNDA:0,(anonymous_6)
FNDA:0,(anonymous_7)
FNDA:0,(anonymous_8)
FNDA:0,(anonymous_9)
FNDA:1,(anonymous_10)
FNDA:1,(anonymous_11)
DA:1,5
DA:2,5
DA:3,5
DA:5,5
DA:7,0
DA:16,5
DA:19,7
DA:22,7
DA:27,7
DA:29,2
DA:35,5
DA:37,5
DA:39,5
DA:41,0
DA:43,0
DA:48,5
DA:50,2
DA:55,3
DA:62,3
DA:64,0
DA:71,3
DA:76,3
DA:78,1
DA:87,2
DA:95,2
DA:104,2
DA:122,2
DA:141,5
DA:144,0
DA:148,0
DA:150,0
DA:156,0
DA:158,0
DA:160,0
DA:162,0
DA:164,0
DA:169,0
DA:171,0
DA:177,0
DA:181,0
DA:185,0
DA:193,0
DA:198,0
DA:200,0
DA:202,0
DA:208,0
DA:210,0
DA:215,0
DA:223,5
DA:225,0
DA:233,5
DA:235,0
DA:237,0
DA:239,0
DA:246,0
DA:251,0
DA:253,0
DA:255,0
DA:260,0
DA:262,0
DA:268,0
DA:273,0
DA:282,0
DA:287,0
DA:289,0
DA:291,0
DA:296,0
DA:307,5
DA:309,1
DA:311,0
DA:317,0
DA:323,1
DA:325,1
DA:331,5
LF:74
LH:31
BRDA:27,0,0,2
BRDA:27,0,1,5
BRDA:27,1,0,7
BRDA:27,1,1,5
BRDA:39,2,0,0
BRDA:39,2,1,5
BRDA:48,3,0,2
BRDA:48,3,1,3
BRDA:62,4,0,0
BRDA:62,4,1,3
BRDA:76,5,0,1
BRDA:76,5,1,2
BRDA:115,6,0,2
BRDA:115,6,1,0
BRDA:148,7,0,0
BRDA:148,7,1,0
BRDA:160,8,0,0
BRDA:160,8,1,0
BRDA:169,9,0,0
BRDA:169,9,1,0
BRDA:198,10,0,0
BRDA:198,10,1,0
BRDA:251,11,0,0
BRDA:251,11,1,0
BRDA:260,12,0,0
BRDA:260,12,1,0
BRDA:287,13,0,0
BRDA:287,13,1,0
BRDA:309,14,0,0
BRDA:309,14,1,1
BRF:30
BRH:12
end_of_record
TN:
SF:controllers/dashboardController.js
FN:3,(anonymous_0)
FN:16,(anonymous_1)
FN:37,(anonymous_2)
FN:59,(anonymous_3)
FN:83,(anonymous_4)
FN:105,(anonymous_5)
FN:127,(anonymous_6)
FN:149,(anonymous_7)
FN:173,(anonymous_8)
FN:186,(anonymous_9)
FN:229,(anonymous_10)
FN:251,(anonymous_11)
FN:303,(anonymous_12)
FN:359,(anonymous_13)
FN:387,(anonymous_14)
FN:403,(anonymous_15)
FNF:16
FNH:16
FNDA:1,(anonymous_0)
FNDA:1,(anonymous_1)
FNDA:1,(anonymous_2)
FNDA:1,(anonymous_3)
FNDA:1,(anonymous_4)
FNDA:1,(anonymous_5)
FNDA:1,(anonymous_6)
FNDA:1,(anonymous_7)
FNDA:1,(anonymous_8)
FNDA:3,(anonymous_9)
FNDA:1,(anonymous_10)
FNDA:1,(anonymous_11)
FNDA:1,(anonymous_12)
FNDA:1,(anonymous_13)
FNDA:1,(anonymous_14)
FNDA:3,(anonymous_15)
DA:1,5
DA:3,5
DA:5,1
DA:11,1
DA:18,1
DA:20,0
DA:22,0
DA:25,1
DA:32,1
DA:39,1
DA:41,0
DA:43,0
DA:46,1
DA:53,1
DA:61,1
DA:63,0
DA:65,0
DA:70,1
DA:77,1
DA:85,1
DA:87,0
DA:89,0
DA:92,1
DA:99,1
DA:107,1
DA:109,0
DA:111,0
DA:114,1
DA:121,1
DA:129,1
DA:131,0
DA:133,0
DA:136,1
DA:143,1
DA:151,1
DA:153,0
DA:155,0
DA:158,1
DA:165,1
DA:175,1
DA:177,0
DA:179,0
DA:182,1
DA:183,1
DA:184,1
DA:186,1
DA:188,3
DA:192,1
DA:195,3
DA:199,1
DA:202,3
DA:206,1
DA:210,1
DA:213,1
DA:216,1
DA:223,1
DA:231,1
DA:233,0
DA:235,0
DA:238,1
DA:245,1
DA:253,1
DA:255,0
DA:257,0
DA:260,1
DA:267,1
DA:284,1
DA:301,1
DA:305,1
DA:307,0
DA:309,0
DA:312,1
DA:319,1
DA:324,1
DA:328,0
DA:333,1
DA:337,0
DA:344,1
DA:357,1
DA:361,1
DA:363,0
DA:365,0
DA:372,1
DA:382,1
DA:389,1
DA:391,0
DA:393,0
DA:398,1
DA:401,1
DA:404,3
DA:407,1
DA:450,5
LF:92
LH:64
BRDA:18,0,0,0
BRDA:18,0,1,1
BRDA:39,1,0,0
BRDA:39,1,1,1
BRDA:61,2,0,0
BRDA:61,2,1,1
BRDA:85,3,0,0
BRDA:85,3,1,1
BRDA:107,4,0,0
BRDA:107,4,1,1
BRDA:129,5,0,0
BRDA:129,5,1,1
BRDA:151,6,0,0
BRDA:151,6,1,1
BRDA:175,7,0,0
BRDA:175,7,1,1
BRDA:188,8,0,1
BRDA:188,8,1,2
BRDA:195,9,0,1
BRDA:195,9,1,2
BRDA:202,10,0,1
BRDA:202,10,1,2
BRDA:231,11,0,0
BRDA:231,11,1,1
BRDA:253,12,0,0
BRDA:253,12,1,1
BRDA:269,13,0,1
BRDA:269,13,1,0
BRDA:305,14,0,0
BRDA:305,14,1,1
BRDA:324,15,0,0
BRDA:324,15,1,1
BRDA:333,16,0,0
BRDA:333,16,1,1
BRDA:361,17,0,0
BRDA:361,17,1,1
BRDA:385,18,0,1
BRDA:385,18,1,0
BRDA:389,19,0,0
BRDA:389,19,1,1
BRF:40
BRH:23
end_of_record
TN:
SF:controllers/exportController.js
FN:5,(anonymous_0)
FN:10,(anonymous_1)
FN:52,(anonymous_2)
FN:57,(anonymous_3)
FN:99,(anonymous_4)
FN:117,(anonymous_5)
FNF:6
FNH:0
FNDA:0,(anonymous_0)
FNDA:0,(anonymous_1)
FNDA:0,(anonymous_2)
FNDA:0,(anonymous_3)
FNDA:0,(anonymous_4)
FNDA:0,(anonymous_5)
DA:1,5
DA:3,5
DA:5,5
DA:8,0
DA:10,0
DA:12,0
DA:14,0
DA:16,0
DA:22,0
DA:25,0
DA:27,0
DA:34,0
DA:39,0
DA:44,0
DA:48,0
DA:52,5
DA:55,0
DA:57,0
DA:59,0
DA:61,0
DA:63,0
DA:69,0
DA:72,0
DA:74,0
DA:81,0
DA:86,0
DA:91,0
DA:95,0
DA:99,5
DA:101,0
DA:117,0
DA:119,0
DA:121,0
DA:123,0
DA:129,0
DA:132,0
DA:134,0
DA:141,0
DA:146,0
DA:151,0
DA:155,0
DA:159,5
LF:42
LH:6
BRDA:12,0,0,0
BRDA:12,0,1,0
BRDA:59,1,0,0
BRDA:59,1,1,0
BRDA:119,2,0,0
BRDA:119,2,1,0
BRF:6
BRH:0
end_of_record
TN:
SF:controllers/patientController.js
FN:16,(anonymous_0)
FN:109,(anonymous_1)
FN:141,(anonymous_2)
FN:180,(anonymous_3)
FN:188,(anonymous_4)
FN:224,(anonymous_5)
FN:325,(anonymous_6)
FN:370,(anonymous_7)
FN:400,(anonymous_8)
FN:444,(anonymous_9)
FN:458,(anonymous_10)
FN:494,(anonymous_11)
FN:533,(anonymous_12)
FNF:13
FNH:0
FNDA:0,(anonymous_0)
FNDA:0,(anonymous_1)
FNDA:0,(anonymous_2)
FNDA:0,(anonymous_3)
FNDA:0,(anonymous_4)
FNDA:0,(anonymous_5)
FNDA:0,(anonymous_6)
FNDA:0,(anonymous_7)
FNDA:0,(anonymous_8)
FNDA:0,(anonymous_9)
FNDA:0,(anonymous_10)
FNDA:0,(anonymous_11)
FNDA:0,(anonymous_12)
DA:1,5
DA:4,5
DA:7,5
DA:16,5
DA:23,0
DA:28,0
DA:32,0
DA:34,0
DA:37,0
DA:46,0
DA:49,0
DA:58,0
DA:70,0
DA:72,0
DA:76,0
DA:79,0
DA:96,0
DA:106,0
DA:111,0
DA:113,0
DA:115,0
DA:121,0
DA:124,0
DA:132,0
DA:143,0
DA:145,0
DA:147,0
DA:153,0
DA:180,5
DA:182,0
DA:188,5
DA:199,0
DA:201,0
DA:214,0
DA:226,0
DA:228,0
DA:230,0
DA:241,0
DA:254,0
DA:269,0
DA:284,0
DA:290,0
DA:303,0
DA:315,0
DA:325,5
DA:328,0
DA:336,0
DA:348,0
DA:357,0
DA:367,0
DA:372,0
DA:374,0
DA:376,0
DA:381,0
DA:383,0
DA:392,0
DA:397,0
DA:402,0
DA:404,0
DA:406,0
DA:415,0
DA:428,0
DA:444,5
DA:447,0
DA:449,0
DA:455,0
DA:460,0
DA:462,0
DA:464,0
DA:469,0
DA:471,0
DA:476,0
DA:494,5
DA:497,0
DA:508,0
DA:510,0
DA:522,0
DA:535,0
DA:537,0
DA:539,0
DA:544,0
DA:555,0
DA:563,5
LF:83
LH:10
BRDA:23,0,0,0
BRDA:23,0,1,0
BRDA:28,1,0,0
BRDA:28,1,1,0
BRDA:32,2,0,0
BRDA:32,2,1,0
BRDA:70,3,0,0
BRDA:70,3,1,0
BRDA:111,4,0,0
BRDA:111,4,1,0
BRDA:143,5,0,0
BRDA:143,5,1,0
BRDA:226,6,0,0
BRDA:226,6,1,0
BRDA:284,7,0,0
BRDA:284,7,1,0
BRDA:328,8,0,0
BRDA:328,8,1,0
BRDA:330,9,0,0
BRDA:330,9,1,0
BRDA:372,10,0,0
BRDA:372,10,1,0
BRDA:381,11,0,0
BRDA:381,11,1,0
BRDA:402,12,0,0
BRDA:402,12,1,0
BRDA:460,13,0,0
BRDA:460,13,1,0
BRDA:469,14,0,0
BRDA:469,14,1,0
BRDA:535,15,0,0
BRDA:535,15,1,0
BRF:32
BRH:0
end_of_record
TN:
SF:controllers/profileController.js
FN:9,(anonymous_0)
FN:21,(anonymous_1)
FN:33,(anonymous_2)
FN:45,(anonymous_3)
FN:69,(anonymous_4)
FN:94,(anonymous_5)
FN:110,(anonymous_6)
FN:158,(anonymous_7)
FN:182,(anonymous_8)
FN:215,(anonymous_9)
FN:245,(anonymous_10)
FN:261,(anonymous_11)
FN:294,(anonymous_12)
FN:315,(anonymous_13)
FN:332,(anonymous_14)
FNF:15
FNH:0
FNDA:0,(anonymous_0)
FNDA:0,(anonymous_1)
FNDA:0,(anonymous_2)
FNDA:0,(anonymous_3)
FNDA:0,(anonymous_4)
FNDA:0,(anonymous_5)
FNDA:0,(anonymous_6)
FNDA:0,(anonymous_7)
FNDA:0,(anonymous_8)
FNDA:0,(anonymous_9)
FNDA:0,(anonymous_10)
FNDA:0,(anonymous_11)
FNDA:0,(anonymous_12)
FNDA:0,(anonymous_13)
FNDA:0,(anonymous_14)
DA:1,5
DA:2,5
DA:3,5
DA:9,5
DA:11,0
DA:21,5
DA:23,0
DA:33,5
DA:35,0
DA:45,5
DA:47,0
DA:49,0
DA:55,0
DA:58,0
DA:60,0
DA:66,0
DA:71,0
DA:73,0
DA:75,0
DA:82,0
DA:85,0
DA:94,5
DA:99,0
DA:102,0
DA:105,0
DA:107,0
DA:112,0
DA:114,0
DA:116,0
DA:121,0
DA:123,0
DA:128,0
DA:131,0
DA:136,0
DA:138,0
DA:144,0
DA:149,0
DA:155,0
DA:160,0
DA:162,0
DA:164,0
DA:169,0
DA:182,5
DA:185,0
DA:190,0
DA:194,0
DA:198,0
DA:207,0
DA:217,0
DA:219,0
DA:221,0
DA:227,0
DA:229,0
DA:234,0
DA:245,5
DA:247,0
DA:249,0
DA:258,0
DA:263,0
DA:265,0
DA:267,0
DA:272,0
DA:274,0
DA:279,0
DA:281,0
DA:291,0
DA:296,0
DA:298,0
DA:300,0
DA:305,0
DA:315,5
DA:318,0
DA:320,0
DA:326,0
DA:334,0
DA:336,0
DA:338,0
DA:343,0
DA:346,0
DA:358,5
LF:80
LH:12
BRDA:47,0,0,0
BRDA:47,0,1,0
BRDA:71,1,0,0
BRDA:71,1,1,0
BRDA:112,2,0,0
BRDA:112,2,1,0
BRDA:121,3,0,0
BRDA:121,3,1,0
BRDA:136,4,0,0
BRDA:136,4,1,0
BRDA:160,5,0,0
BRDA:160,5,1,0
BRDA:217,6,0,0
BRDA:217,6,1,0
BRDA:263,7,0,0
BRDA:263,7,1,0
BRDA:272,8,0,0
BRDA:272,8,1,0
BRDA:296,9,0,0
BRDA:296,9,1,0
BRDA:334,10,0,0
BRDA:334,10,1,0
BRF:22
BRH:0
end_of_record
TN:
SF:controllers/reportController.js
FN:7,(anonymous_0)
FN:57,(anonymous_1)
FN:81,(anonymous_2)
FN:105,(anonymous_3)
FNF:4
FNH:0
FNDA:0,(anonymous_0)
FNDA:0,(anonymous_1)
FNDA:0,(anonymous_2)
FNDA:0,(anonymous_3)
DA:1,5
DA:7,5
DA:13,0
DA:21,0
DA:42,0
DA:55,0
DA:59,0
DA:61,0
DA:63,0
DA:68,0
DA:75,0
DA:83,0
DA:85,0
DA:87,0
DA:92,0
DA:99,0
DA:107,0
DA:109,0
DA:111,0
DA:116,0
DA:123,0
DA:144,5
LF:22
LH:3
BRDA:13,0,0,0
BRDA:13,0,1,0
BRDA:15,1,0,0
BRDA:15,1,1,0
BRDA:59,2,0,0
BRDA:59,2,1,0
BRDA:83,3,0,0
BRDA:83,3,1,0
BRDA:107,4,0,0
BRDA:107,4,1,0
BRF:10
BRH:0
end_of_record
TN:
SF:controllers/roomController.js
FN:13,(anonymous_0)
FN:94,(anonymous_1)
FN:131,(anonymous_2)
FN:171,(anonymous_3)
FN:181,(anonymous_4)
FN:237,(anonymous_5)
FN:282,(anonymous_6)
FN:349,(anonymous_7)
FN:394,(anonymous_8)
FN:428,(anonymous_9)
FN:468,(anonymous_10)
FN:507,(anonymous_11)
FN:543,(anonymous_12)
FN:604,(anonymous_13)
FN:645,(anonymous_14)
FNF:15
FNH:0
FNDA:0,(anonymous_0)
FNDA:0,(anonymous_1)
FNDA:0,(anonymous_2)
FNDA:0,(anonymous_3)
FNDA:0,(anonymous_4)
FNDA:0,(anonymous_5)
FNDA:0,(anonymous_6)
FNDA:0,(anonymous_7)
FNDA:0,(anonymous_8)
FNDA:0,(anonymous_9)
FNDA:0,(anonymous_10)
FNDA:0,(anonymous_11)
FNDA:0,(anonymous_12)
FNDA:0,(anonymous_13)
FNDA:0,(anonymous_14)
DA:1,5
DA:4,5
DA:7,5
DA:13,5
DA:20,0
DA:23,0
DA:26,0
DA:29,0
DA:31,0
DA:34,0
DA:40,0
DA:41,0
DA:43,0
DA:45,0
DA:49,0
DA:54,0
DA:56,0
DA:60,0
DA:63,0
DA:65,0
DA:69,0
DA:77,0
DA:85,0
DA:91,0
DA:96,0
DA:98,0
DA:100,0
DA:106,0
DA:109,0
DA:115,0
DA:124,0
DA:133,0
DA:135,0
DA:137,0
DA:142,0
DA:171,5
DA:173,0
DA:181,5
DA:184,0
DA:192,0
DA:205,0
DA:215,0
DA:219,0
DA:222,0
DA:228,0
DA:234,0
DA:239,0
DA:241,0
DA:243,0
DA:248,0
DA:250,0
DA:259,0
DA:272,0
DA:284,0
DA:286,0
DA:288,0
DA:297,0
DA:308,0
DA:323,0
DA:334,0
DA:349,5
DA:351,0
DA:359,0
DA:377,0
DA:383,0
DA:391,0
DA:396,0
DA:398,0
DA:400,0
DA:409,0
DA:411,0
DA:420,0
DA:425,0
DA:430,0
DA:432,0
DA:434,0
DA:443,0
DA:454,0
DA:468,5
DA:470,0
DA:478,0
DA:496,0
DA:498,0
DA:504,0
DA:509,0
DA:511,0
DA:513,0
DA:518,0
DA:520,0
DA:525,0
DA:543,5
DA:545,0
DA:553,0
DA:571,0
DA:574,0
DA:584,0
DA:590,0
DA:598,0
DA:606,0
DA:608,0
DA:610,0
DA:615,0
DA:617,0
DA:626,0
DA:636,0
DA:647,0
DA:649,0
DA:651,0
DA:660,0
DA:671,0
DA:680,5
LF:111
LH:10
BRDA:20,0,0,0
BRDA:20,0,1,0
BRDA:23,1,0,0
BRDA:23,1,1,0
BRDA:26,2,0,0
BRDA:26,2,1,0
BRDA:29,3,0,0
BRDA:29,3,1,0
BRDA:43,4,0,0
BRDA:43,4,1,0
BRDA:54,5,0,0
BRDA:54,5,1,0
BRDA:63,6,0,0
BRDA:63,6,1,0
BRDA:77,7,0,0
BRDA:77,7,1,0
BRDA:96,8,0,0
BRDA:96,8,1,0
BRDA:133,9,0,0
BRDA:133,9,1,0
BRDA:184,10,0,0
BRDA:184,10,1,0
BRDA:186,11,0,0
BRDA:186,11,1,0
BRDA:239,12,0,0
BRDA:239,12,1,0
BRDA:248,13,0,0
BRDA:248,13,1,0
BRDA:284,14,0,0
BRDA:284,14,1,0
BRDA:351,15,0,0
BRDA:351,15,1,0
BRDA:353,16,0,0
BRDA:353,16,1,0
BRDA:396,17,0,0
BRDA:396,17,1,0
BRDA:409,18,0,0
BRDA:409,18,1,0
BRDA:430,19,0,0
BRDA:430,19,1,0
BRDA:470,20,0,0
BRDA:470,20,1,0
BRDA:472,21,0,0
BRDA:472,21,1,0
BRDA:509,22,0,0
BRDA:509,22,1,0
BRDA:518,23,0,0
BRDA:518,23,1,0
BRDA:545,24,0,0
BRDA:545,24,1,0
BRDA:547,25,0,0
BRDA:547,25,1,0
BRDA:606,26,0,0
BRDA:606,26,1,0
BRDA:615,27,0,0
BRDA:615,27,1,0
BRDA:647,28,0,0
BRDA:647,28,1,0
BRF:58
BRH:0
end_of_record
TN:
SF:controllers/userController.js
FN:7,(anonymous_0)
FN:111,(anonymous_1)
FN:148,(anonymous_2)
FN:189,(anonymous_3)
FN:208,(anonymous_4)
FN:240,(anonymous_5)
FN:254,(anonymous_6)
FN:290,(anonymous_7)
FN:320,(anonymous_8)
FNF:9
FNH:0
FNDA:0,(anonymous_0)
FNDA:0,(anonymous_1)
FNDA:0,(anonymous_2)
FNDA:0,(anonymous_3)
FNDA:0,(anonymous_4)
FNDA:0,(anonymous_5)
FNDA:0,(anonymous_6)
FNDA:0,(anonymous_7)
FNDA:0,(anonymous_8)
DA:1,5
DA:7,5
DA:13,0
DA:17,0
DA:39,0
DA:42,0
DA:45,0
DA:47,0
DA:50,0
DA:56,0
DA:58,0
DA:60,0
DA:62,0
DA:71,0
DA:77,0
DA:79,0
DA:83,0
DA:92,0
DA:102,0
DA:108,0
DA:113,0
DA:115,0
DA:117,0
DA:123,0
DA:126,0
DA:132,0
DA:141,0
DA:150,0
DA:152,0
DA:154,0
DA:159,0
DA:189,5
DA:192,0
DA:194,0
DA:205,0
DA:210,0
DA:212,0
DA:214,0
DA:219,0
DA:240,5
DA:243,0
DA:245,0
DA:251,0
DA:256,0
DA:258,0
DA:260,0
DA:265,0
DA:267,0
DA:272,0
DA:290,5
DA:293,0
DA:301,0
DA:303,0
DA:312,0
DA:322,0
DA:324,0
DA:326,0
DA:331,0
DA:337,5
LF:59
LH:6
BRDA:13,0,0,0
BRDA:13,0,1,0
BRDA:39,1,0,0
BRDA:39,1,1,0
BRDA:42,2,0,0
BRDA:42,2,1,0
BRDA:45,3,0,0
BRDA:45,3,1,0
BRDA:60,4,0,0
BRDA:60,4,1,0
BRDA:77,5,0,0
BRDA:77,5,1,0
BRDA:92,6,0,0
BRDA:92,6,1,0
BRDA:113,7,0,0
BRDA:113,7,1,0
BRDA:150,8,0,0
BRDA:150,8,1,0
BRDA:210,9,0,0
BRDA:210,9,1,0
BRDA:256,10,0,0
BRDA:256,10,1,0
BRDA:265,11,0,0
BRDA:265,11,1,0
BRDA:322,12,0,0
BRDA:322,12,1,0
BRF:26
BRH:0
end_of_record
TN:
SF:middleware/authMiddleware.js
FN:1,(anonymous_0)
FNF:1
FNH:1
FNDA:12,(anonymous_0)
DA:1,5
DA:3,12
DA:5,11
DA:8,1
DA:11,5
LF:5
LH:5
BRDA:3,0,0,11
BRDA:3,0,1,1
BRF:2
BRH:2
end_of_record
TN:
SF:middleware/roleMiddleware.js
FN:5,(anonymous_0)
FN:33,(anonymous_1)
FN:64,(anonymous_2)
FNF:3
FNH:0
FNDA:0,(anonymous_0)
FNDA:0,(anonymous_1)
FNDA:0,(anonymous_2)
DA:5,5
DA:7,0
DA:12,0
DA:15,0
DA:33,5
DA:35,0
DA:43,0
DA:46,0
DA:64,5
DA:66,0
DA:75,0
DA:78,0
DA:92,5
LF:13
LH:4
BRDA:7,0,0,0
BRDA:7,0,1,0
BRDA:8,1,0,0
BRDA:8,1,1,0
BRDA:35,2,0,0
BRDA:35,2,1,0
BRDA:36,3,0,0
BRDA:36,3,1,0
BRDA:36,3,2,0
BRDA:66,4,0,0
BRDA:66,4,1,0
BRDA:67,5,0,0
BRDA:67,5,1,0
BRDA:67,5,2,0
BRDA:67,5,3,0
BRF:15
BRH:0
end_of_record
TN:
SF:routes/assignmentRoutes.js
FNF:0
FNH:0
DA:1,5
DA:3,5
DA:11,5
DA:21,5
DA:41,5
DA:47,5
DA:54,5
DA:61,5
DA:72,5
DA:79,5
DA:90,5
DA:97,5
DA:108,5
DA:115,5
LF:14
LH:14
BRF:0
BRH:0
end_of_record
TN:
SF:routes/authRoutes.js
FN:17,(anonymous_0)
FN:24,(anonymous_1)
FNF:2
FNH:0
FNDA:0,(anonymous_0)
FNDA:0,(anonymous_1)
DA:1,5
DA:2,5
DA:11,5
DA:13,5
DA:15,5
DA:17,5
DA:19,0
DA:24,5
DA:26,0
DA:31,5
DA:36,5
DA:41,5
DA:46,5
DA:48,5
LF:14
LH:12
BRF:0
BRH:0
end_of_record
TN:
SF:routes/exportRoutes.js
FNF:0
FNH:0
DA:1,5
DA:3,5
DA:13,5
DA:19,5
DA:31,5
DA:37,5
DA:42,5
DA:47,5
DA:52,5
LF:9
LH:9
BRF:0
BRH:0
end_of_record
TN:
SF:routes/liveRoutes.js
FN:9,(anonymous_0)
FN:158,(anonymous_1)
FN:172,(anonymous_2)
FN:177,(anonymous_3)
FN:182,(anonymous_4)
FN:187,(anonymous_5)
FN:220,(anonymous_6)
FN:287,(anonymous_7)
FN:300,(anonymous_8)
FN:314,(anonymous_9)
FN:327,(anonymous_10)
FN:340,(anonymous_11)
FN:353,(anonymous_12)
FNF:13
FNH:0
FNDA:0,(anonymous_0)
FNDA:0,(anonymous_1)
FNDA:0,(anonymous_2)
FNDA:0,(anonymous_3)
FNDA:0,(anonymous_4)
FNDA:0,(anonymous_5)
FNDA:0,(anonymous_6)
FNDA:0,(anonymous_7)
FNDA:0,(anonymous_8)
FNDA:0,(anonymous_9)
FNDA:0,(anonymous_10)
FNDA:0,(anonymous_11)
FNDA:0,(anonymous_12)
DA:1,5
DA:3,5
DA:5,5
DA:7,5
DA:12,0
DA:14,0
DA:16,0
DA:29,0
DA:45,0
DA:70,0
DA:80,0
DA:90,0
DA:102,0
DA:121,0
DA:137,0
DA:149,0
DA:155,0
DA:160,0
DA:162,0
DA:164,0
DA:169,0
DA:174,0
DA:179,0
DA:184,0
DA:189,0
DA:218,5
DA:226,0
DA:235,0
DA:245,0
DA:255,0
DA:265,0
DA:279,0
DA:285,0
DA:289,0
DA:291,0
DA:293,0
DA:298,0
DA:302,0
DA:304,0
DA:306,0
DA:312,0
DA:316,0
DA:318,0
DA:320,0
DA:325,0
DA:329,0
DA:331,0
DA:333,0
DA:338,0
DA:342,0
DA:344,0
DA:346,0
DA:351,0
DA:355,0
DA:357,0
DA:359,0
DA:364,0
DA:399,5
LF:58
LH:6
BRDA:12,0,0,0
BRDA:12,0,1,0
BRDA:14,1,0,0
BRDA:14,1,1,0
BRDA:160,2,0,0
BRDA:160,2,1,0
BRDA:289,3,0,0
BRDA:289,3,1,0
BRDA:302,4,0,0
BRDA:302,4,1,0
BRDA:316,5,0,0
BRDA:316,5,1,0
BRDA:329,6,0,0
BRDA:329,6,1,0
BRDA:342,7,0,0
BRDA:342,7,1,0
BRDA:355,8,0,0
BRDA:355,8,1,0
BRF:18
BRH:0
end_of_record
TN:
SF:routes/notificationRoutes.js
FN:13,(anonymous_0)
FN:23,(anonymous_1)
FN:48,(anonymous_2)
FN:62,(anonymous_3)
FNF:4
FNH:0
FNDA:0,(anonymous_0)
FNDA:0,(anonymous_1)
FNDA:0,(anonymous_2)
FNDA:0,(anonymous_3)
DA:1,5
DA:3,5
DA:5,5
DA:11,5
DA:15,0
DA:20,0
DA:25,0
DA:27,0
DA:29,0
DA:34,0
DA:46,5
DA:50,0
DA:57,0
DA:64,0
DA:66,0
DA:68,0
DA:73,0
DA:81,5
LF:18
LH:6
BRDA:25,0,0,0
BRDA:25,0,1,0
BRDA:64,1,0,0
BRDA:64,1,1,0
BRF:4
BRH:0
end_of_record
TN:
SF:routes/patientRoutes.js
FNF:0
FNH:0
DA:1,5
DA:3,5
DA:11,5
DA:22,5
DA:41,5
DA:49,5
DA:56,5
DA:63,5
DA:71,5
DA:78,5
DA:85,5
DA:92,5
LF:12
LH:12
BRF:0
BRH:0
end_of_record
TN:
SF:routes/profileRoutes.js
FNF:0
FNH:0
DA:1,5
DA:3,5
DA:6,5
DA:10,5
DA:30,5
DA:36,5
DA:42,5
DA:48,5
DA:58,5
DA:64,5
DA:70,5
DA:80,5
DA:89,5
DA:96,5
LF:14
LH:14
BRF:0
BRH:0
end_of_record
TN:
SF:routes/reportRoutes.js
FNF:0
FNH:0
DA:1,5
DA:3,5
DA:13,5
DA:23,5
DA:29,5
DA:35,5
LF:6
LH:6
BRF:0
BRH:0
end_of_record
TN:
SF:routes/roomRoutes.js
FNF:0
FNH:0
DA:1,5
DA:3,5
DA:11,5
DA:22,5
DA:37,5
DA:43,5
DA:50,5
DA:57,5
DA:65,5
DA:72,5
DA:81,5
DA:88,5
LF:12
LH:12
BRF:0
BRH:0
end_of_record
TN:
SF:routes/userRoutes.js
FNF:0
FNH:0
DA:1,5
DA:3,5
DA:13,5
DA:19,5
DA:32,5
DA:37,5
DA:43,5
DA:48,5
DA:54,5
DA:59,5
LF:10
LH:10
BRF:0
BRH:0
end_of_record
TN:
SF:utils/createActivity.js
FN:3,(anonymous_0)
FN:31,(anonymous_1)
FNF:2
FNH:0
FNDA:0,(anonymous_0)
FNDA:0,(anonymous_1)
DA:1,5
DA:3,5
DA:12,0
DA:23,0
DA:33,0
DA:35,0
DA:41,5
LF:7
LH:3
BRDA:8,0,0,0
BRDA:33,1,0,0
BRDA:33,1,1,0
BRF:3
BRH:0
end_of_record
TN:
SF:utils/createNotification.js
FN:3,(anonymous_0)
FN:32,(anonymous_1)
FN:73,(anonymous_2)
FNF:3
FNH:0
FNDA:0,(anonymous_0)
FNDA:0,(anonymous_1)
FNDA:0,(anonymous_2)
DA:1,5
DA:3,5
DA:16,0
DA:25,0
DA:34,0
DA:36,0
DA:38,0
DA:45,0
DA:47,0
DA:54,0
DA:65,0
DA:75,0
DA:77,0
DA:85,5
LF:14
LH:3
BRDA:7,0,0,0
BRDA:8,1,0,0
BRDA:34,2,0,0
BRDA:34,2,1,0
BRDA:45,3,0,0
BRDA:45,3,1,0
BRDA:75,4,0,0
BRDA:75,4,1,0
BRF:8
BRH:0
end_of_record
